# JRE version: Java(TM) SE Runtime Environment (8.0_181-b13) (build 1.8.0_181-b13)
# Java VM: Java HotSpot(TM) 64-Bit Server VM (25.181-b13 mixed mode linux-amd64 compressed oops)
Heap:
 PSYoungGen      total 2483200K, used 224K [0x00000006c5400000, 0x000000075d380000, 0x00000007c0000000)
  eden space 2476544K, 0% used [0x00000006c5400000,0x00000006c5400000,0x000000075c680000)
  from space 6656K, 3% used [0x000000075c680000,0x000000075c6b8000,0x000000075cd00000)
  to   space 6656K, 0% used [0x000000075cd00000,0x000000075cd00000,0x000000075d380000)
 ParOldGen       total 515072K, used 3746K [0x00000004cfc00000, 0x00000004ef300000, 0x00000006c5400000)
  object space 515072K, 0% used [0x00000004cfc00000,0x00000004cffa8b40,0x00000004ef300000)
 Metaspace       used 10801K, capacity 11008K, committed 11264K, reserved 1058816K
  class space    used 1158K, capacity 1256K, committed 1280K, reserved 1048576K
GC Heap History (10 events):
Event: 1.218 GC heap after
Heap after GC invocations=6 (full 0):
 PSYoungGen      total 779776K, used 3680K [0x00000006c5400000, 0x00000006f5300000, 0x00000007c0000000)
  eden space 774144K, 0% used [0x00000006c5400000,0x00000006c5400000,0x00000006f4800000)
  from space 5632K, 65% used [0x00000006f4d80000,0x00000006f5118010,0x00000006f5300000)
  to   space 5632K, 0% used [0x00000006f4800000,0x00000006f4800000,0x00000006f4d80000)
 ParOldGen       total 515072K, used 56K [0x00000004cfc00000, 0x00000004ef300000, 0x00000006c5400000)
  object space 515072K, 0% used [0x00000004cfc00000,0x00000004cfc0e000,0x00000004ef300000)
 Metaspace       used 10737K, capacity 10944K, committed 11008K, reserved 1058816K
  class space    used 1158K, capacity 1256K, committed 1280K, reserved 1048576K
}
Event: 1.319 GC heap before
{Heap before GC invocations=7 (full 0):
 PSYoungGen      total 779776K, used 777824K [0x00000006c5400000, 0x00000006f5300000, 0x00000007c0000000)
  eden space 774144K, 100% used [0x00000006c5400000,0x00000006f4800000,0x00000006f4800000)
  from space 5632K, 65% used [0x00000006f4d80000,0x00000006f5118010,0x00000006f5300000)
  to   space 5632K, 0% used [0x00000006f4800000,0x00000006f4800000,0x00000006f4d80000)
 ParOldGen       total 515072K, used 56K [0x00000004cfc00000, 0x00000004ef300000, 0x00000006c5400000)
  object space 515072K, 0% used [0x00000004cfc00000,0x00000004cfc0e000,0x00000004ef300000)
 Metaspace       used 10768K, capacity 11008K, committed 11264K, reserved 1058816K
  class space    used 1158K, capacity 1256K, committed 1280K, reserved 1048576K
Event: 1.324 GC heap after
Heap after GC invocations=7 (full 0):
 PSYoungGen      total 779776K, used 384K [0x00000006c5400000, 0x0000000724800000, 0x00000007c0000000)
  eden space 774144K, 0% used [0x00000006c5400000,0x00000006c5400000,0x00000006f4800000)
  from space 5632K, 6% used [0x00000006f4800000,0x00000006f4860000,0x00000006f4d80000)
  to   space 6144K, 0% used [0x0000000724200000,0x0000000724200000,0x0000000724800000)
 ParOldGen       total 515072K, used 3562K [0x00000004cfc00000, 0x00000004ef300000, 0x00000006c5400000)
  object space 515072K, 0% used [0x00000004cfc00000,0x00000004cff7ab40,0x00000004ef300000)
 Metaspace       used 10768K, capacity 11008K, committed 11264K, reserved 1058816K
  class space    used 1158K, capacity 1256K, committed 1280K, reserved 1048576K
}
Event: 1.427 GC heap before
{Heap before GC invocations=8 (full 0):
 PSYoungGen      total 779776K, used 774528K [0x00000006c5400000, 0x0000000724800000, 0x00000007c0000000)
  eden space 774144K, 100% used [0x00000006c5400000,0x00000006f4800000,0x00000006f4800000)
  from space 5632K, 6% used [0x00000006f4800000,0x00000006f4860000,0x00000006f4d80000)
  to   space 6144K, 0% used [0x0000000724200000,0x0000000724200000,0x0000000724800000)
 ParOldGen       total 515072K, used 3562K [0x00000004cfc00000, 0x00000004ef300000, 0x00000006c5400000)
  object space 515072K, 0% used [0x00000004cfc00000,0x00000004cff7ab40,0x00000004ef300000)
 Metaspace       used 10771K, capacity 11008K, committed 11264K, reserved 1058816K
  class space    used 1158K, capacity 1256K, committed 1280K, reserved 1048576K
Event: 1.428 GC heap after
Heap after GC invocations=8 (full 0):
 PSYoungGen      total 1553920K, used 256K [0x00000006c5400000, 0x0000000724900000, 0x00000007c0000000)
  eden space 1547776K, 0% used [0x00000006c5400000,0x00000006c5400000,0x0000000723b80000)
  from space 6144K, 4% used [0x0000000724200000,0x0000000724240000,0x0000000724800000)
  to   space 6656K, 0% used [0x0000000723b80000,0x0000000723b80000,0x0000000724200000)
 ParOldGen       total 515072K, used 3602K [0x00000004cfc00000, 0x00000004ef300000, 0x00000006c5400000)
  object space 515072K, 0% used [0x00000004cfc00000,0x00000004cff84b40,0x00000004ef300000)
 Metaspace       used 10771K, capacity 11008K, committed 11264K, reserved 1058816K
  class space    used 1158K, capacity 1256K, committed 1280K, reserved 1048576K
}
Event: 1.526 GC heap before
{Heap before GC invocations=9 (full 0):
 PSYoungGen      total 1553920K, used 1548032K [0x00000006c5400000, 0x0000000724900000, 0x00000007c0000000)
  eden space 1547776K, 100% used [0x00000006c5400000,0x0000000723b80000,0x0000000723b80000)
  from space 6144K, 4% used [0x0000000724200000,0x0000000724240000,0x0000000724800000)
  to   space 6656K, 0% used [0x0000000723b80000,0x0000000723b80000,0x0000000724200000)
 ParOldGen       total 515072K, used 3602K [0x00000004cfc00000, 0x00000004ef300000, 0x00000006c5400000)
  object space 515072K, 0% used [0x00000004cfc00000,0x00000004cff84b40,0x00000004ef300000)
 Metaspace       used 10780K, capacity 11008K, committed 11264K, reserved 1058816K
  class space    used 1158K, capacity 1256K, committed 1280K, reserved 1048576K
Event: 1.529 GC heap after
Heap after GC invocations=9 (full 0):
 PSYoungGen      total 1554432K, used 256K [0x00000006c5400000, 0x000000075d380000, 0x00000007c0000000)
  eden space 1547776K, 0% used [0x00000006c5400000,0x00000006c5400000,0x0000000723b80000)
  from space 6656K, 3% used [0x0000000723b80000,0x0000000723bc0000,0x0000000724200000)
  to   space 6656K, 0% used [0x000000075cd00000,0x000000075cd00000,0x000000075d380000)
 ParOldGen       total 515072K, used 3650K [0x00000004cfc00000, 0x00000004ef300000, 0x00000006c5400000)
  object space 515072K, 0% used [0x00000004cfc00000,0x00000004cff90b40,0x00000004ef300000)
 Metaspace       used 10780K, capacity 11008K, committed 11264K, reserved 1058816K
  class space    used 1158K, capacity 1256K, committed 1280K, reserved 1048576K
}
Event: 1.631 GC heap before
{Heap before GC invocations=10 (full 0):
 PSYoungGen      total 1554432K, used 1548032K [0x00000006c5400000, 0x000000075d380000, 0x00000007c0000000)
  eden space 1547776K, 100% used [0x00000006c5400000,0x0000000723b80000,0x0000000723b80000)
  from space 6656K, 3% used [0x0000000723b80000,0x0000000723bc0000,0x0000000724200000)
  to   space 6656K, 0% used [0x000000075cd00000,0x000000075cd00000,0x000000075d380000)
 ParOldGen       total 515072K, used 3650K [0x00000004cfc00000, 0x00000004ef300000, 0x00000006c5400000)
  object space 515072K, 0% used [0x00000004cfc00000,0x00000004cff90b40,0x00000004ef300000)
 Metaspace       used 10788K, capacity 11008K, committed 11264K, reserved 1058816K
  class space    used 1158K, capacity 1256K, committed 1280K, reserved 1048576K
Event: 1.632 GC heap after
Heap after GC invocations=10 (full 0):
 PSYoungGen      total 2483200K, used 192K [0x00000006c5400000, 0x000000075d380000, 0x00000007c0000000)
  eden space 2476544K, 0% used [0x00000006c5400000,0x00000006c5400000,0x000000075c680000)
  from space 6656K, 2% used [0x000000075cd00000,0x000000075cd30000,0x000000075d380000)
  to   space 6656K, 0% used [0x000000075c680000,0x000000075c680000,0x000000075cd00000)
 ParOldGen       total 515072K, used 3690K [0x00000004cfc00000, 0x00000004ef300000, 0x00000006c5400000)
  object space 515072K, 0% used [0x00000004cfc00000,0x00000004cff9ab40,0x00000004ef300000)
 Metaspace       used 10788K, capacity 11008K, committed 11264K, reserved 1058816K
  class space    used 1158K, capacity 1256K, committed 1280K, reserved 1048576K
}
Event: 1.733 GC heap before
{Heap before GC invocations=11 (full 0):
 PSYoungGen      total 2483200K, used 2476736K [0x00000006c5400000, 0x000000075d380000, 0x00000007c0000000)
  eden space 2476544K, 100% used [0x00000006c5400000,0x000000075c680000,0x000000075c680000)
  from space 6656K, 2% used [0x000000075cd00000,0x000000075cd30000,0x000000075d380000)
  to   space 6656K, 0% used [0x000000075c680000,0x000000075c680000,0x000000075cd00000)
 ParOldGen       total 515072K, used 3690K [0x00000004cfc00000, 0x00000004ef300000, 0x00000006c5400000)
  object space 515072K, 0% used [0x00000004cfc00000,0x00000004cff9ab40,0x00000004ef300000)
 Metaspace       used 10801K, capacity 11008K, committed 11264K, reserved 1058816K
  class space    used 1158K, capacity 1256K, committed 1280K, reserved 1048576K

