<?xml version="1.0" encoding="UTF-8" ?>
<testsuite tests="8" failures="8" name="com.yahoo.ycsb.webservice.rest.IntegrationTest" time="3.27" errors="0" skipped="0">
  <properties>
[...]
</properties>
  <testcase classname="com.yahoo.ycsb.webservice.rest.IntegrationTest" name="testDeleteOpsBenchmarkFailure" time="0.41">
    <failure message="expected:&lt;true&gt; but was:&lt;false&gt;" type="java.lang.AssertionError">java.lang.AssertionError: expected:&lt;true&gt; but was:&lt;false&gt;
	at org.junit.Assert.fail(Assert.java:88)
	at org.junit.Assert.failNotEquals(Assert.java:834)
	at org.junit.Assert.assertEquals(Assert.java:118)
	at org.junit.Assert.assertEquals(Assert.java:144)
	at com.yahoo.ycsb.webservice.rest.IntegrationTest$8.checkAssertion(IntegrationTest.java:205)
	at org.junit.contrib.java.lang.system.ExpectedSystemExit.checkAssertions(ExpectedSystemExit.java:161)
	at org.junit.contrib.java.lang.system.ExpectedSystemExit.access$100(ExpectedSystemExit.java:88)
	at org.junit.contrib.java.lang.system.ExpectedSystemExit$1.evaluate(ExpectedSystemExit.java:134)
	at org.junit.rules.ExternalResource$1.evaluate(ExternalResource.java:48)
	at org.junit.rules.RunRules.evaluate(RunRules.java:20)
	at org.junit.runners.ParentRunner.runLeaf(ParentRunner.java:325)
	at org.junit.runners.BlockJUnit4ClassRunner.runChild(BlockJUnit4ClassRunner.java:78)
	at org.junit.runners.BlockJUnit4ClassRunner.runChild(BlockJUnit4ClassRunner.java:57)
	at org.junit.runners.ParentRunner$3.run(ParentRunner.java:290)
	at org.junit.runners.ParentRunner$1.schedule(ParentRunner.java:71)
	at org.junit.runners.ParentRunner.runChildren(ParentRunner.java:288)
	at org.junit.runners.ParentRunner.access$000(ParentRunner.java:58)
	at org.junit.runners.ParentRunner$2.evaluate(ParentRunner.java:268)
	at org.junit.internal.runners.statements.RunBefores.evaluate(RunBefores.java:26)
	at org.junit.internal.runners.statements.RunAfters.evaluate(RunAfters.java:27)
	at org.junit.runners.ParentRunner.run(ParentRunner.java:363)
	at org.apache.maven.surefire.junit4.JUnit4Provider.execute(JUnit4Provider.java:252)
	at org.apache.maven.surefire.junit4.JUnit4Provider.executeTestSet(JUnit4Provider.java:141)
	at org.apache.maven.surefire.junit4.JUnit4Provider.invoke(JUnit4Provider.java:112)
	at sun.reflect.NativeMethodAccessorImpl.invoke0(Native Method)
	at sun.reflect.NativeMethodAccessorImpl.invoke(NativeMethodAccessorImpl.java:62)
	at sun.reflect.DelegatingMethodAccessorImpl.invoke(DelegatingMethodAccessorImpl.java:43)
	at java.lang.reflect.Method.invoke(Method.java:498)
	at org.apache.maven.surefire.util.ReflectionUtils.invokeMethodWithArray(ReflectionUtils.java:189)
	at org.apache.maven.surefire.booter.ProviderFactory$ProviderProxy.invoke(ProviderFactory.java:165)
	at org.apache.maven.surefire.booter.ProviderFactory.invokeProvider(ProviderFactory.java:85)
	at org.apache.maven.surefire.booter.ForkedBooter.runSuitesInProcess(ForkedBooter.java:115)
	at org.apache.maven.surefire.booter.ForkedBooter.main(ForkedBooter.java:75)
</failure>
    <system-out>databasename=null
java.lang.ArrayIndexOutOfBoundsException: -1
	at java.util.ArrayList.elementData(ArrayList.java:422)
	at java.util.ArrayList.get(ArrayList.java:435)
	at com.yahoo.ycsb.workloads.RestWorkload.getNextURL(RestWorkload.java:907)
	at com.yahoo.ycsb.workloads.RestWorkload.doTransactionDelete(RestWorkload.java:975)
	at com.yahoo.ycsb.workloads.RestWorkload.doTransaction(RestWorkload.java:805)
	at com.yahoo.ycsb.ClientThread.run(Client.java:455)
	at java.lang.Thread.run(Thread.java:748)
</system-out>
    <system-err>Jul 29, 2019 2:23:17 AM org.apache.coyote.AbstractProtocol init
INFO: Initializing ProtocolHandler [&quot;http-nio-8081&quot;]
Jul 29, 2019 2:23:17 AM org.apache.tomcat.util.net.NioSelectorPool getSharedSelector
INFO: Using a shared selector for servlet write/read
Jul 29, 2019 2:23:17 AM org.apache.catalina.core.StandardService startInternal
INFO: Starting service Tomcat
Jul 29, 2019 2:23:17 AM org.apache.catalina.core.StandardEngine startInternal
INFO: Starting Servlet Engine: Apache Tomcat/8.0.28
Jul 29, 2019 2:23:17 AM org.apache.catalina.startup.ContextConfig getDefaultWebXmlFragment
INFO: No global web.xml found
Jul 29, 2019 2:23:17 AM org.apache.jasper.servlet.TldScanner scanJars
INFO: At least one JAR was scanned for TLDs yet contained no TLDs. Enable debug logging for this logger for a complete list of JARs that were scanned but no TLDs were found in them. Skipping unneeded JARs during scanning can improve startup time and JSP compilation time.
Jul 29, 2019 2:23:17 AM org.apache.coyote.AbstractProtocol start
INFO: Starting ProtocolHandler [&quot;http-nio-8081&quot;]
Command line: -target 1 -t -P /home/zl/Documents/causaltest/rest/target/test-classes/workload_rest -p url.prefix=http://127.0.0.1:8081/webService/rest/resource/ -p url.trace.read=/home/zl/Documents/causaltest/rest/target/test-classes/error_trace.txt -p url.trace.insert=/home/zl/Documents/causaltest/rest/target/test-classes/error_trace.txt -p url.trace.update=/home/zl/Documents/causaltest/rest/target/test-classes/error_trace.txt -p url.trace.delete=/home/zl/Documents/causaltest/rest/target/test-classes/error_trace.txt -p exportfile=/home/zl/Documents/causaltest/rest/target/test-classes/results.txt -p readproportion=0.0 -p updateproportion=0.0 -p deleteproportion=1.0 -p insertproportion=0.0
YCSB Client 0.16.0-SNAPSHOT

Loading workload...
java.lang.ClassNotFoundException: com.yahoo.ycsb.workloads.dbinstance.cassandratwitterreadyouwrite
	at java.net.URLClassLoader.findClass(URLClassLoader.java:382)
	at java.lang.ClassLoader.loadClass(ClassLoader.java:424)
	at sun.misc.Launcher$AppClassLoader.loadClass(Launcher.java:349)
	at java.lang.ClassLoader.loadClass(ClassLoader.java:357)
	at java.lang.Class.forName0(Native Method)
	at java.lang.Class.forName(Class.java:264)
	at com.yahoo.ycsb.workloads.RestWorkload.init(RestWorkload.java:191)
	at com.yahoo.ycsb.Client.initWorkload(Client.java:911)
	at com.yahoo.ycsb.Client.main(Client.java:754)
	at com.yahoo.ycsb.webservice.rest.IntegrationTest.testDeleteOpsBenchmarkFailure(IntegrationTest.java:209)
	at sun.reflect.NativeMethodAccessorImpl.invoke0(Native Method)
	at sun.reflect.NativeMethodAccessorImpl.invoke(NativeMethodAccessorImpl.java:62)
	at sun.reflect.DelegatingMethodAccessorImpl.invoke(DelegatingMethodAccessorImpl.java:43)
	at java.lang.reflect.Method.invoke(Method.java:498)
	at org.junit.runners.model.FrameworkMethod$1.runReflectiveCall(FrameworkMethod.java:50)
	at org.junit.internal.runners.model.ReflectiveCallable.run(ReflectiveCallable.java:12)
	at org.junit.runners.model.FrameworkMethod.invokeExplosively(FrameworkMethod.java:47)
	at org.junit.internal.runners.statements.InvokeMethod.evaluate(InvokeMethod.java:17)
	at org.junit.contrib.java.lang.system.ExpectedSystemExit$1.evaluate(ExpectedSystemExit.java:130)
	at org.junit.rules.ExternalResource$1.evaluate(ExternalResource.java:48)
	at org.junit.rules.RunRules.evaluate(RunRules.java:20)
	at org.junit.runners.ParentRunner.runLeaf(ParentRunner.java:325)
	at org.junit.runners.BlockJUnit4ClassRunner.runChild(BlockJUnit4ClassRunner.java:78)
	at org.junit.runners.BlockJUnit4ClassRunner.runChild(BlockJUnit4ClassRunner.java:57)
	at org.junit.runners.ParentRunner$3.run(ParentRunner.java:290)
	at org.junit.runners.ParentRunner$1.schedule(ParentRunner.java:71)
	at org.junit.runners.ParentRunner.runChildren(ParentRunner.java:288)
	at org.junit.runners.ParentRunner.access$000(ParentRunner.java:58)
	at org.junit.runners.ParentRunner$2.evaluate(ParentRunner.java:268)
	at org.junit.internal.runners.statements.RunBefores.evaluate(RunBefores.java:26)
	at org.junit.internal.runners.statements.RunAfters.evaluate(RunAfters.java:27)
	at org.junit.runners.ParentRunner.run(ParentRunner.java:363)
	at org.apache.maven.surefire.junit4.JUnit4Provider.execute(JUnit4Provider.java:252)
	at org.apache.maven.surefire.junit4.JUnit4Provider.executeTestSet(JUnit4Provider.java:141)
	at org.apache.maven.surefire.junit4.JUnit4Provider.invoke(JUnit4Provider.java:112)
	at sun.reflect.NativeMethodAccessorImpl.invoke0(Native Method)
	at sun.reflect.NativeMethodAccessorImpl.invoke(NativeMethodAccessorImpl.java:62)
	at sun.reflect.DelegatingMethodAccessorImpl.invoke(DelegatingMethodAccessorImpl.java:43)
	at java.lang.reflect.Method.invoke(Method.java:498)
	at org.apache.maven.surefire.util.ReflectionUtils.invokeMethodWithArray(ReflectionUtils.java:189)
	at org.apache.maven.surefire.booter.ProviderFactory$ProviderProxy.invoke(ProviderFactory.java:165)
	at org.apache.maven.surefire.booter.ProviderFactory.invokeProvider(ProviderFactory.java:85)
	at org.apache.maven.surefire.booter.ForkedBooter.runSuitesInProcess(ForkedBooter.java:115)
	at org.apache.maven.surefire.booter.ForkedBooter.main(ForkedBooter.java:75)
Starting test.
DBWrapper: report latency for each error is false and specific error codes to track for latency are: []
java.lang.ArrayIndexOutOfBoundsException: -1
	at java.util.ArrayList.elementData(ArrayList.java:422)
	at java.util.ArrayList.get(ArrayList.java:435)
	at com.yahoo.ycsb.workloads.RestWorkload.getNextURL(RestWorkload.java:907)
	at com.yahoo.ycsb.workloads.RestWorkload.doTransactionDelete(RestWorkload.java:975)
	at com.yahoo.ycsb.workloads.RestWorkload.doTransaction(RestWorkload.java:805)
	at com.yahoo.ycsb.ClientThread.run(Client.java:455)
	at java.lang.Thread.run(Thread.java:748)
Exception in thread &quot;Thread-20&quot; org.junit.contrib.java.lang.system.internal.CheckExitCalled: Tried to exit with status 0.
	at org.junit.contrib.java.lang.system.internal.NoExitSecurityManager.checkExit(NoExitSecurityManager.java:24)
	at java.lang.Runtime.exit(Runtime.java:107)
	at java.lang.System.exit(System.java:971)
	at com.yahoo.ycsb.ClientThread.run(Client.java:480)
	at java.lang.Thread.run(Thread.java:748)
</system-err>
  </testcase>
  <testcase classname="com.yahoo.ycsb.webservice.rest.IntegrationTest" name="testDeleteOpsBenchmarkSuccess" time="0.64">
    <failure message="expected:&lt;true&gt; but was:&lt;false&gt;" type="java.lang.AssertionError">java.lang.AssertionError: expected:&lt;true&gt; but was:&lt;false&gt;
	at org.junit.Assert.fail(Assert.java:88)
	at org.junit.Assert.failNotEquals(Assert.java:834)
	at org.junit.Assert.assertEquals(Assert.java:118)
	at org.junit.Assert.assertEquals(Assert.java:144)
	at com.yahoo.ycsb.webservice.rest.IntegrationTest$7.checkAssertion(IntegrationTest.java:190)
	at org.junit.contrib.java.lang.system.ExpectedSystemExit.checkAssertions(ExpectedSystemExit.java:161)
	at org.junit.contrib.java.lang.system.ExpectedSystemExit.access$100(ExpectedSystemExit.java:88)
	at org.junit.contrib.java.lang.system.ExpectedSystemExit$1.evaluate(ExpectedSystemExit.java:134)
	at org.junit.rules.ExternalResource$1.evaluate(ExternalResource.java:48)
	at org.junit.rules.RunRules.evaluate(RunRules.java:20)
	at org.junit.runners.ParentRunner.runLeaf(ParentRunner.java:325)
	at org.junit.runners.BlockJUnit4ClassRunner.runChild(BlockJUnit4ClassRunner.java:78)
	at org.junit.runners.BlockJUnit4ClassRunner.runChild(BlockJUnit4ClassRunner.java:57)
	at org.junit.runners.ParentRunner$3.run(ParentRunner.java:290)
	at org.junit.runners.ParentRunner$1.schedule(ParentRunner.java:71)
	at org.junit.runners.ParentRunner.runChildren(ParentRunner.java:288)
	at org.junit.runners.ParentRunner.access$000(ParentRunner.java:58)
	at org.junit.runners.ParentRunner$2.evaluate(ParentRunner.java:268)
	at org.junit.internal.runners.statements.RunBefores.evaluate(RunBefores.java:26)
	at org.junit.internal.runners.statements.RunAfters.evaluate(RunAfters.java:27)
	at org.junit.runners.ParentRunner.run(ParentRunner.java:363)
	at org.apache.maven.surefire.junit4.JUnit4Provider.execute(JUnit4Provider.java:252)
	at org.apache.maven.surefire.junit4.JUnit4Provider.executeTestSet(JUnit4Provider.java:141)
	at org.apache.maven.surefire.junit4.JUnit4Provider.invoke(JUnit4Provider.java:112)
	at sun.reflect.NativeMethodAccessorImpl.invoke0(Native Method)
	at sun.reflect.NativeMethodAccessorImpl.invoke(NativeMethodAccessorImpl.java:62)
	at sun.reflect.DelegatingMethodAccessorImpl.invoke(DelegatingMethodAccessorImpl.java:43)
	at java.lang.reflect.Method.invoke(Method.java:498)
	at org.apache.maven.surefire.util.ReflectionUtils.invokeMethodWithArray(ReflectionUtils.java:189)
	at org.apache.maven.surefire.booter.ProviderFactory$ProviderProxy.invoke(ProviderFactory.java:165)
	at org.apache.maven.surefire.booter.ProviderFactory.invokeProvider(ProviderFactory.java:85)
	at org.apache.maven.surefire.booter.ForkedBooter.runSuitesInProcess(ForkedBooter.java:115)
	at org.apache.maven.surefire.booter.ForkedBooter.main(ForkedBooter.java:75)
</failure>
    <system-out>databasename=null
java.lang.ArrayIndexOutOfBoundsException: -1
	at java.util.ArrayList.elementData(ArrayList.java:422)
	at java.util.ArrayList.get(ArrayList.java:435)
	at com.yahoo.ycsb.workloads.RestWorkload.getNextURL(RestWorkload.java:907)
	at com.yahoo.ycsb.workloads.RestWorkload.doTransactionDelete(RestWorkload.java:975)
	at com.yahoo.ycsb.workloads.RestWorkload.doTransaction(RestWorkload.java:805)
	at com.yahoo.ycsb.ClientThread.run(Client.java:455)
	at java.lang.Thread.run(Thread.java:748)
</system-out>
    <system-err>Command line: -target 1 -t -P /home/zl/Documents/causaltest/rest/target/test-classes/workload_rest -p url.prefix=http://127.0.0.1:8081/webService/rest/resource/ -p url.trace.read=/home/zl/Documents/causaltest/rest/target/test-classes/trace.txt -p url.trace.insert=/home/zl/Documents/causaltest/rest/target/test-classes/trace.txt -p url.trace.update=/home/zl/Documents/causaltest/rest/target/test-classes/trace.txt -p url.trace.delete=/home/zl/Documents/causaltest/rest/target/test-classes/trace.txt -p exportfile=/home/zl/Documents/causaltest/rest/target/test-classes/results.txt -p readproportion=0.0 -p updateproportion=0.0 -p deleteproportion=1.0 -p insertproportion=0.0
YCSB Client 0.16.0-SNAPSHOT

Loading workload...
java.lang.ClassNotFoundException: com.yahoo.ycsb.workloads.dbinstance.cassandratwitterreadyouwrite
	at java.net.URLClassLoader.findClass(URLClassLoader.java:382)
	at java.lang.ClassLoader.loadClass(ClassLoader.java:424)
	at sun.misc.Launcher$AppClassLoader.loadClass(Launcher.java:349)
	at java.lang.ClassLoader.loadClass(ClassLoader.java:357)
	at java.lang.Class.forName0(Native Method)
	at java.lang.Class.forName(Class.java:264)
	at com.yahoo.ycsb.workloads.RestWorkload.init(RestWorkload.java:191)
	at com.yahoo.ycsb.Client.initWorkload(Client.java:911)
	at com.yahoo.ycsb.Client.main(Client.java:754)
	at com.yahoo.ycsb.webservice.rest.IntegrationTest.testDeleteOpsBenchmarkSuccess(IntegrationTest.java:194)
	at sun.reflect.NativeMethodAccessorImpl.invoke0(Native Method)
	at sun.reflect.NativeMethodAccessorImpl.invoke(NativeMethodAccessorImpl.java:62)
	at sun.reflect.DelegatingMethodAccessorImpl.invoke(DelegatingMethodAccessorImpl.java:43)
	at java.lang.reflect.Method.invoke(Method.java:498)
	at org.junit.runners.model.FrameworkMethod$1.runReflectiveCall(FrameworkMethod.java:50)
	at org.junit.internal.runners.model.ReflectiveCallable.run(ReflectiveCallable.java:12)
	at org.junit.runners.model.FrameworkMethod.invokeExplosively(FrameworkMethod.java:47)
	at org.junit.internal.runners.statements.InvokeMethod.evaluate(InvokeMethod.java:17)
	at org.junit.contrib.java.lang.system.ExpectedSystemExit$1.evaluate(ExpectedSystemExit.java:130)
	at org.junit.rules.ExternalResource$1.evaluate(ExternalResource.java:48)
	at org.junit.rules.RunRules.evaluate(RunRules.java:20)
	at org.junit.runners.ParentRunner.runLeaf(ParentRunner.java:325)
	at org.junit.runners.BlockJUnit4ClassRunner.runChild(BlockJUnit4ClassRunner.java:78)
	at org.junit.runners.BlockJUnit4ClassRunner.runChild(BlockJUnit4ClassRunner.java:57)
	at org.junit.runners.ParentRunner$3.run(ParentRunner.java:290)
	at org.junit.runners.ParentRunner$1.schedule(ParentRunner.java:71)
	at org.junit.runners.ParentRunner.runChildren(ParentRunner.java:288)
	at org.junit.runners.ParentRunner.access$000(ParentRunner.java:58)
	at org.junit.runners.ParentRunner$2.evaluate(ParentRunner.java:268)
	at org.junit.internal.runners.statements.RunBefores.evaluate(RunBefores.java:26)
	at org.junit.internal.runners.statements.RunAfters.evaluate(RunAfters.java:27)
	at org.junit.runners.ParentRunner.run(ParentRunner.java:363)
	at org.apache.maven.surefire.junit4.JUnit4Provider.execute(JUnit4Provider.java:252)
	at org.apache.maven.surefire.junit4.JUnit4Provider.executeTestSet(JUnit4Provider.java:141)
	at org.apache.maven.surefire.junit4.JUnit4Provider.invoke(JUnit4Provider.java:112)
	at sun.reflect.NativeMethodAccessorImpl.invoke0(Native Method)
	at sun.reflect.NativeMethodAccessorImpl.invoke(NativeMethodAccessorImpl.java:62)
	at sun.reflect.DelegatingMethodAccessorImpl.invoke(DelegatingMethodAccessorImpl.java:43)
	at java.lang.reflect.Method.invoke(Method.java:498)
	at org.apache.maven.surefire.util.ReflectionUtils.invokeMethodWithArray(ReflectionUtils.java:189)
	at org.apache.maven.surefire.booter.ProviderFactory$ProviderProxy.invoke(ProviderFactory.java:165)
	at org.apache.maven.surefire.booter.ProviderFactory.invokeProvider(ProviderFactory.java:85)
	at org.apache.maven.surefire.booter.ForkedBooter.runSuitesInProcess(ForkedBooter.java:115)
	at org.apache.maven.surefire.booter.ForkedBooter.main(ForkedBooter.java:75)
Starting test.
DBWrapper: report latency for each error is false and specific error codes to track for latency are: []
java.lang.ArrayIndexOutOfBoundsException: -1
	at java.util.ArrayList.elementData(ArrayList.java:422)
	at java.util.ArrayList.get(ArrayList.java:435)
	at com.yahoo.ycsb.workloads.RestWorkload.getNextURL(RestWorkload.java:907)
	at com.yahoo.ycsb.workloads.RestWorkload.doTransactionDelete(RestWorkload.java:975)
	at com.yahoo.ycsb.workloads.RestWorkload.doTransaction(RestWorkload.java:805)
	at com.yahoo.ycsb.ClientThread.run(Client.java:455)
	at java.lang.Thread.run(Thread.java:748)
Exception in thread &quot;Thread-22&quot; org.junit.contrib.java.lang.system.internal.CheckExitCalled: Tried to exit with status 0.
	at org.junit.contrib.java.lang.system.internal.NoExitSecurityManager.checkExit(NoExitSecurityManager.java:24)
	at java.lang.Runtime.exit(Runtime.java:107)
	at java.lang.System.exit(System.java:971)
	at com.yahoo.ycsb.ClientThread.run(Client.java:480)
	at java.lang.Thread.run(Thread.java:748)
</system-err>
  </testcase>
  <testcase classname="com.yahoo.ycsb.webservice.rest.IntegrationTest" name="testInsertOpsBenchmarkFailure" time="0.414">
    <failure message="expected:&lt;true&gt; but was:&lt;false&gt;" type="java.lang.AssertionError">java.lang.AssertionError: expected:&lt;true&gt; but was:&lt;false&gt;
	at org.junit.Assert.fail(Assert.java:88)
	at org.junit.Assert.failNotEquals(Assert.java:834)
	at org.junit.Assert.assertEquals(Assert.java:118)
	at org.junit.Assert.assertEquals(Assert.java:144)
	at com.yahoo.ycsb.webservice.rest.IntegrationTest$4.checkAssertion(IntegrationTest.java:145)
	at org.junit.contrib.java.lang.system.ExpectedSystemExit.checkAssertions(ExpectedSystemExit.java:161)
	at org.junit.contrib.java.lang.system.ExpectedSystemExit.access$100(ExpectedSystemExit.java:88)
	at org.junit.contrib.java.lang.system.ExpectedSystemExit$1.evaluate(ExpectedSystemExit.java:134)
	at org.junit.rules.ExternalResource$1.evaluate(ExternalResource.java:48)
	at org.junit.rules.RunRules.evaluate(RunRules.java:20)
	at org.junit.runners.ParentRunner.runLeaf(ParentRunner.java:325)
	at org.junit.runners.BlockJUnit4ClassRunner.runChild(BlockJUnit4ClassRunner.java:78)
	at org.junit.runners.BlockJUnit4ClassRunner.runChild(BlockJUnit4ClassRunner.java:57)
	at org.junit.runners.ParentRunner$3.run(ParentRunner.java:290)
	at org.junit.runners.ParentRunner$1.schedule(ParentRunner.java:71)
	at org.junit.runners.ParentRunner.runChildren(ParentRunner.java:288)
	at org.junit.runners.ParentRunner.access$000(ParentRunner.java:58)
	at org.junit.runners.ParentRunner$2.evaluate(ParentRunner.java:268)
	at org.junit.internal.runners.statements.RunBefores.evaluate(RunBefores.java:26)
	at org.junit.internal.runners.statements.RunAfters.evaluate(RunAfters.java:27)
	at org.junit.runners.ParentRunner.run(ParentRunner.java:363)
	at org.apache.maven.surefire.junit4.JUnit4Provider.execute(JUnit4Provider.java:252)
	at org.apache.maven.surefire.junit4.JUnit4Provider.executeTestSet(JUnit4Provider.java:141)
	at org.apache.maven.surefire.junit4.JUnit4Provider.invoke(JUnit4Provider.java:112)
	at sun.reflect.NativeMethodAccessorImpl.invoke0(Native Method)
	at sun.reflect.NativeMethodAccessorImpl.invoke(NativeMethodAccessorImpl.java:62)
	at sun.reflect.DelegatingMethodAccessorImpl.invoke(DelegatingMethodAccessorImpl.java:43)
	at java.lang.reflect.Method.invoke(Method.java:498)
	at org.apache.maven.surefire.util.ReflectionUtils.invokeMethodWithArray(ReflectionUtils.java:189)
	at org.apache.maven.surefire.booter.ProviderFactory$ProviderProxy.invoke(ProviderFactory.java:165)
	at org.apache.maven.surefire.booter.ProviderFactory.invokeProvider(ProviderFactory.java:85)
	at org.apache.maven.surefire.booter.ForkedBooter.runSuitesInProcess(ForkedBooter.java:115)
	at org.apache.maven.surefire.booter.ForkedBooter.main(ForkedBooter.java:75)
</failure>
    <system-out>databasename=null
java.lang.ArrayIndexOutOfBoundsException: -1
	at java.util.ArrayList.elementData(ArrayList.java:422)
	at java.util.ArrayList.get(ArrayList.java:435)
	at com.yahoo.ycsb.workloads.RestWorkload.getNextURL(RestWorkload.java:907)
	at com.yahoo.ycsb.workloads.RestWorkload.doTransactionInsert(RestWorkload.java:971)
	at com.yahoo.ycsb.workloads.RestWorkload.doTransaction(RestWorkload.java:802)
	at com.yahoo.ycsb.ClientThread.run(Client.java:455)
	at java.lang.Thread.run(Thread.java:748)
</system-out>
    <system-err>Command line: -target 1 -t -P /home/zl/Documents/causaltest/rest/target/test-classes/workload_rest -p url.prefix=http://127.0.0.1:8081/webService/rest/resource/ -p url.trace.read=/home/zl/Documents/causaltest/rest/target/test-classes/error_trace.txt -p url.trace.insert=/home/zl/Documents/causaltest/rest/target/test-classes/error_trace.txt -p url.trace.update=/home/zl/Documents/causaltest/rest/target/test-classes/error_trace.txt -p url.trace.delete=/home/zl/Documents/causaltest/rest/target/test-classes/error_trace.txt -p exportfile=/home/zl/Documents/causaltest/rest/target/test-classes/results.txt -p readproportion=0.0 -p updateproportion=0.0 -p deleteproportion=0.0 -p insertproportion=1.0
YCSB Client 0.16.0-SNAPSHOT

Loading workload...
java.lang.ClassNotFoundException: com.yahoo.ycsb.workloads.dbinstance.cassandratwitterreadyouwrite
	at java.net.URLClassLoader.findClass(URLClassLoader.java:382)
	at java.lang.ClassLoader.loadClass(ClassLoader.java:424)
	at sun.misc.Launcher$AppClassLoader.loadClass(Launcher.java:349)
	at java.lang.ClassLoader.loadClass(ClassLoader.java:357)
	at java.lang.Class.forName0(Native Method)
	at java.lang.Class.forName(Class.java:264)
	at com.yahoo.ycsb.workloads.RestWorkload.init(RestWorkload.java:191)
	at com.yahoo.ycsb.Client.initWorkload(Client.java:911)
	at com.yahoo.ycsb.Client.main(Client.java:754)
	at com.yahoo.ycsb.webservice.rest.IntegrationTest.testInsertOpsBenchmarkFailure(IntegrationTest.java:149)
	at sun.reflect.NativeMethodAccessorImpl.invoke0(Native Method)
	at sun.reflect.NativeMethodAccessorImpl.invoke(NativeMethodAccessorImpl.java:62)
	at sun.reflect.DelegatingMethodAccessorImpl.invoke(DelegatingMethodAccessorImpl.java:43)
	at java.lang.reflect.Method.invoke(Method.java:498)
	at org.junit.runners.model.FrameworkMethod$1.runReflectiveCall(FrameworkMethod.java:50)
	at org.junit.internal.runners.model.ReflectiveCallable.run(ReflectiveCallable.java:12)
	at org.junit.runners.model.FrameworkMethod.invokeExplosively(FrameworkMethod.java:47)
	at org.junit.internal.runners.statements.InvokeMethod.evaluate(InvokeMethod.java:17)
	at org.junit.contrib.java.lang.system.ExpectedSystemExit$1.evaluate(ExpectedSystemExit.java:130)
	at org.junit.rules.ExternalResource$1.evaluate(ExternalResource.java:48)
	at org.junit.rules.RunRules.evaluate(RunRules.java:20)
	at org.junit.runners.ParentRunner.runLeaf(ParentRunner.java:325)
	at org.junit.runners.BlockJUnit4ClassRunner.runChild(BlockJUnit4ClassRunner.java:78)
	at org.junit.runners.BlockJUnit4ClassRunner.runChild(BlockJUnit4ClassRunner.java:57)
	at org.junit.runners.ParentRunner$3.run(ParentRunner.java:290)
	at org.junit.runners.ParentRunner$1.schedule(ParentRunner.java:71)
	at org.junit.runners.ParentRunner.runChildren(ParentRunner.java:288)
	at org.junit.runners.ParentRunner.access$000(ParentRunner.java:58)
	at org.junit.runners.ParentRunner$2.evaluate(ParentRunner.java:268)
	at org.junit.internal.runners.statements.RunBefores.evaluate(RunBefores.java:26)
	at org.junit.internal.runners.statements.RunAfters.evaluate(RunAfters.java:27)
	at org.junit.runners.ParentRunner.run(ParentRunner.java:363)
	at org.apache.maven.surefire.junit4.JUnit4Provider.execute(JUnit4Provider.java:252)
	at org.apache.maven.surefire.junit4.JUnit4Provider.executeTestSet(JUnit4Provider.java:141)
	at org.apache.maven.surefire.junit4.JUnit4Provider.invoke(JUnit4Provider.java:112)
	at sun.reflect.NativeMethodAccessorImpl.invoke0(Native Method)
	at sun.reflect.NativeMethodAccessorImpl.invoke(NativeMethodAccessorImpl.java:62)
	at sun.reflect.DelegatingMethodAccessorImpl.invoke(DelegatingMethodAccessorImpl.java:43)
	at java.lang.reflect.Method.invoke(Method.java:498)
	at org.apache.maven.surefire.util.ReflectionUtils.invokeMethodWithArray(ReflectionUtils.java:189)
	at org.apache.maven.surefire.booter.ProviderFactory$ProviderProxy.invoke(ProviderFactory.java:165)
	at org.apache.maven.surefire.booter.ProviderFactory.invokeProvider(ProviderFactory.java:85)
	at org.apache.maven.surefire.booter.ForkedBooter.runSuitesInProcess(ForkedBooter.java:115)
	at org.apache.maven.surefire.booter.ForkedBooter.main(ForkedBooter.java:75)
Starting test.
DBWrapper: report latency for each error is false and specific error codes to track for latency are: []
java.lang.ArrayIndexOutOfBoundsException: -1
	at java.util.ArrayList.elementData(ArrayList.java:422)
	at java.util.ArrayList.get(ArrayList.java:435)
	at com.yahoo.ycsb.workloads.RestWorkload.getNextURL(RestWorkload.java:907)
	at com.yahoo.ycsb.workloads.RestWorkload.doTransactionInsert(RestWorkload.java:971)
	at com.yahoo.ycsb.workloads.RestWorkload.doTransaction(RestWorkload.java:802)
	at com.yahoo.ycsb.ClientThread.run(Client.java:455)
	at java.lang.Thread.run(Thread.java:748)
Exception in thread &quot;Thread-24&quot; org.junit.contrib.java.lang.system.internal.CheckExitCalled: Tried to exit with status 0.
	at org.junit.contrib.java.lang.system.internal.NoExitSecurityManager.checkExit(NoExitSecurityManager.java:24)
	at java.lang.Runtime.exit(Runtime.java:107)
	at java.lang.System.exit(System.java:971)
	at com.yahoo.ycsb.ClientThread.run(Client.java:480)
	at java.lang.Thread.run(Thread.java:748)
</system-err>
  </testcase>
  <testcase classname="com.yahoo.ycsb.webservice.rest.IntegrationTest" name="testInsertOpsBenchmarkSuccess" time="0.088">
    <failure message="expected:&lt;true&gt; but was:&lt;false&gt;" type="java.lang.AssertionError">java.lang.AssertionError: expected:&lt;true&gt; but was:&lt;false&gt;
	at org.junit.Assert.fail(Assert.java:88)
	at org.junit.Assert.failNotEquals(Assert.java:834)
	at org.junit.Assert.assertEquals(Assert.java:118)
	at org.junit.Assert.assertEquals(Assert.java:144)
	at com.yahoo.ycsb.webservice.rest.IntegrationTest$3.checkAssertion(IntegrationTest.java:130)
	at org.junit.contrib.java.lang.system.ExpectedSystemExit.checkAssertions(ExpectedSystemExit.java:161)
	at org.junit.contrib.java.lang.system.ExpectedSystemExit.access$100(ExpectedSystemExit.java:88)
	at org.junit.contrib.java.lang.system.ExpectedSystemExit$1.evaluate(ExpectedSystemExit.java:134)
	at org.junit.rules.ExternalResource$1.evaluate(ExternalResource.java:48)
	at org.junit.rules.RunRules.evaluate(RunRules.java:20)
	at org.junit.runners.ParentRunner.runLeaf(ParentRunner.java:325)
	at org.junit.runners.BlockJUnit4ClassRunner.runChild(BlockJUnit4ClassRunner.java:78)
	at org.junit.runners.BlockJUnit4ClassRunner.runChild(BlockJUnit4ClassRunner.java:57)
	at org.junit.runners.ParentRunner$3.run(ParentRunner.java:290)
	at org.junit.runners.ParentRunner$1.schedule(ParentRunner.java:71)
	at org.junit.runners.ParentRunner.runChildren(ParentRunner.java:288)
	at org.junit.runners.ParentRunner.access$000(ParentRunner.java:58)
	at org.junit.runners.ParentRunner$2.evaluate(ParentRunner.java:268)
	at org.junit.internal.runners.statements.RunBefores.evaluate(RunBefores.java:26)
	at org.junit.internal.runners.statements.RunAfters.evaluate(RunAfters.java:27)
	at org.junit.runners.ParentRunner.run(ParentRunner.java:363)
	at org.apache.maven.surefire.junit4.JUnit4Provider.execute(JUnit4Provider.java:252)
	at org.apache.maven.surefire.junit4.JUnit4Provider.executeTestSet(JUnit4Provider.java:141)
	at org.apache.maven.surefire.junit4.JUnit4Provider.invoke(JUnit4Provider.java:112)
	at sun.reflect.NativeMethodAccessorImpl.invoke0(Native Method)
	at sun.reflect.NativeMethodAccessorImpl.invoke(NativeMethodAccessorImpl.java:62)
	at sun.reflect.DelegatingMethodAccessorImpl.invoke(DelegatingMethodAccessorImpl.java:43)
	at java.lang.reflect.Method.invoke(Method.java:498)
	at org.apache.maven.surefire.util.ReflectionUtils.invokeMethodWithArray(ReflectionUtils.java:189)
	at org.apache.maven.surefire.booter.ProviderFactory$ProviderProxy.invoke(ProviderFactory.java:165)
	at org.apache.maven.surefire.booter.ProviderFactory.invokeProvider(ProviderFactory.java:85)
	at org.apache.maven.surefire.booter.ForkedBooter.runSuitesInProcess(ForkedBooter.java:115)
	at org.apache.maven.surefire.booter.ForkedBooter.main(ForkedBooter.java:75)
</failure>
    <system-out>databasename=null
java.lang.ArrayIndexOutOfBoundsException: -1
	at java.util.ArrayList.elementData(ArrayList.java:422)
	at java.util.ArrayList.get(ArrayList.java:435)
	at com.yahoo.ycsb.workloads.RestWorkload.getNextURL(RestWorkload.java:907)
	at com.yahoo.ycsb.workloads.RestWorkload.doTransactionInsert(RestWorkload.java:971)
	at com.yahoo.ycsb.workloads.RestWorkload.doTransaction(RestWorkload.java:802)
	at com.yahoo.ycsb.ClientThread.run(Client.java:455)
	at java.lang.Thread.run(Thread.java:748)
</system-out>
    <system-err>Command line: -target 1 -t -P /home/zl/Documents/causaltest/rest/target/test-classes/workload_rest -p url.prefix=http://127.0.0.1:8081/webService/rest/resource/ -p url.trace.read=/home/zl/Documents/causaltest/rest/target/test-classes/trace.txt -p url.trace.insert=/home/zl/Documents/causaltest/rest/target/test-classes/trace.txt -p url.trace.update=/home/zl/Documents/causaltest/rest/target/test-classes/trace.txt -p url.trace.delete=/home/zl/Documents/causaltest/rest/target/test-classes/trace.txt -p exportfile=/home/zl/Documents/causaltest/rest/target/test-classes/results.txt -p readproportion=0.0 -p updateproportion=0.0 -p deleteproportion=0.0 -p insertproportion=1.0
YCSB Client 0.16.0-SNAPSHOT

Loading workload...
java.lang.ClassNotFoundException: com.yahoo.ycsb.workloads.dbinstance.cassandratwitterreadyouwrite
	at java.net.URLClassLoader.findClass(URLClassLoader.java:382)
	at java.lang.ClassLoader.loadClass(ClassLoader.java:424)
	at sun.misc.Launcher$AppClassLoader.loadClass(Launcher.java:349)
	at java.lang.ClassLoader.loadClass(ClassLoader.java:357)
	at java.lang.Class.forName0(Native Method)
	at java.lang.Class.forName(Class.java:264)
	at com.yahoo.ycsb.workloads.RestWorkload.init(RestWorkload.java:191)
	at com.yahoo.ycsb.Client.initWorkload(Client.java:911)
	at com.yahoo.ycsb.Client.main(Client.java:754)
	at com.yahoo.ycsb.webservice.rest.IntegrationTest.testInsertOpsBenchmarkSuccess(IntegrationTest.java:134)
	at sun.reflect.NativeMethodAccessorImpl.invoke0(Native Method)
	at sun.reflect.NativeMethodAccessorImpl.invoke(NativeMethodAccessorImpl.java:62)
	at sun.reflect.DelegatingMethodAccessorImpl.invoke(DelegatingMethodAccessorImpl.java:43)
	at java.lang.reflect.Method.invoke(Method.java:498)
	at org.junit.runners.model.FrameworkMethod$1.runReflectiveCall(FrameworkMethod.java:50)
	at org.junit.internal.runners.model.ReflectiveCallable.run(ReflectiveCallable.java:12)
	at org.junit.runners.model.FrameworkMethod.invokeExplosively(FrameworkMethod.java:47)
	at org.junit.internal.runners.statements.InvokeMethod.evaluate(InvokeMethod.java:17)
	at org.junit.contrib.java.lang.system.ExpectedSystemExit$1.evaluate(ExpectedSystemExit.java:130)
	at org.junit.rules.ExternalResource$1.evaluate(ExternalResource.java:48)
	at org.junit.rules.RunRules.evaluate(RunRules.java:20)
	at org.junit.runners.ParentRunner.runLeaf(ParentRunner.java:325)
	at org.junit.runners.BlockJUnit4ClassRunner.runChild(BlockJUnit4ClassRunner.java:78)
	at org.junit.runners.BlockJUnit4ClassRunner.runChild(BlockJUnit4ClassRunner.java:57)
	at org.junit.runners.ParentRunner$3.run(ParentRunner.java:290)
	at org.junit.runners.ParentRunner$1.schedule(ParentRunner.java:71)
	at org.junit.runners.ParentRunner.runChildren(ParentRunner.java:288)
	at org.junit.runners.ParentRunner.access$000(ParentRunner.java:58)
	at org.junit.runners.ParentRunner$2.evaluate(ParentRunner.java:268)
	at org.junit.internal.runners.statements.RunBefores.evaluate(RunBefores.java:26)
	at org.junit.internal.runners.statements.RunAfters.evaluate(RunAfters.java:27)
	at org.junit.runners.ParentRunner.run(ParentRunner.java:363)
	at org.apache.maven.surefire.junit4.JUnit4Provider.execute(JUnit4Provider.java:252)
	at org.apache.maven.surefire.junit4.JUnit4Provider.executeTestSet(JUnit4Provider.java:141)
	at org.apache.maven.surefire.junit4.JUnit4Provider.invoke(JUnit4Provider.java:112)
	at sun.reflect.NativeMethodAccessorImpl.invoke0(Native Method)
	at sun.reflect.NativeMethodAccessorImpl.invoke(NativeMethodAccessorImpl.java:62)
	at sun.reflect.DelegatingMethodAccessorImpl.invoke(DelegatingMethodAccessorImpl.java:43)
	at java.lang.reflect.Method.invoke(Method.java:498)
	at org.apache.maven.surefire.util.ReflectionUtils.invokeMethodWithArray(ReflectionUtils.java:189)
	at org.apache.maven.surefire.booter.ProviderFactory$ProviderProxy.invoke(ProviderFactory.java:165)
	at org.apache.maven.surefire.booter.ProviderFactory.invokeProvider(ProviderFactory.java:85)
	at org.apache.maven.surefire.booter.ForkedBooter.runSuitesInProcess(ForkedBooter.java:115)
	at org.apache.maven.surefire.booter.ForkedBooter.main(ForkedBooter.java:75)
Starting test.
DBWrapper: report latency for each error is false and specific error codes to track for latency are: []
java.lang.ArrayIndexOutOfBoundsException: -1
	at java.util.ArrayList.elementData(ArrayList.java:422)
	at java.util.ArrayList.get(ArrayList.java:435)
	at com.yahoo.ycsb.workloads.RestWorkload.getNextURL(RestWorkload.java:907)
	at com.yahoo.ycsb.workloads.RestWorkload.doTransactionInsert(RestWorkload.java:971)
	at com.yahoo.ycsb.workloads.RestWorkload.doTransaction(RestWorkload.java:802)
	at com.yahoo.ycsb.ClientThread.run(Client.java:455)
	at java.lang.Thread.run(Thread.java:748)
Exception in thread &quot;Thread-26&quot; org.junit.contrib.java.lang.system.internal.CheckExitCalled: Tried to exit with status 0.
	at org.junit.contrib.java.lang.system.internal.NoExitSecurityManager.checkExit(NoExitSecurityManager.java:24)
	at java.lang.Runtime.exit(Runtime.java:107)
	at java.lang.System.exit(System.java:971)
	at com.yahoo.ycsb.ClientThread.run(Client.java:480)
	at java.lang.Thread.run(Thread.java:748)
</system-err>
  </testcase>
  <testcase classname="com.yahoo.ycsb.webservice.rest.IntegrationTest" name="testReadOpsBenchmarkFailure" time="0.367">
    <failure message="expected:&lt;true&gt; but was:&lt;false&gt;" type="java.lang.AssertionError">java.lang.AssertionError: expected:&lt;true&gt; but was:&lt;false&gt;
	at org.junit.Assert.fail(Assert.java:88)
	at org.junit.Assert.failNotEquals(Assert.java:834)
	at org.junit.Assert.assertEquals(Assert.java:118)
	at org.junit.Assert.assertEquals(Assert.java:144)
	at com.yahoo.ycsb.webservice.rest.IntegrationTest$2.checkAssertion(IntegrationTest.java:115)
	at org.junit.contrib.java.lang.system.ExpectedSystemExit.checkAssertions(ExpectedSystemExit.java:161)
	at org.junit.contrib.java.lang.system.ExpectedSystemExit.access$100(ExpectedSystemExit.java:88)
	at org.junit.contrib.java.lang.system.ExpectedSystemExit$1.evaluate(ExpectedSystemExit.java:134)
	at org.junit.rules.ExternalResource$1.evaluate(ExternalResource.java:48)
	at org.junit.rules.RunRules.evaluate(RunRules.java:20)
	at org.junit.runners.ParentRunner.runLeaf(ParentRunner.java:325)
	at org.junit.runners.BlockJUnit4ClassRunner.runChild(BlockJUnit4ClassRunner.java:78)
	at org.junit.runners.BlockJUnit4ClassRunner.runChild(BlockJUnit4ClassRunner.java:57)
	at org.junit.runners.ParentRunner$3.run(ParentRunner.java:290)
	at org.junit.runners.ParentRunner$1.schedule(ParentRunner.java:71)
	at org.junit.runners.ParentRunner.runChildren(ParentRunner.java:288)
	at org.junit.runners.ParentRunner.access$000(ParentRunner.java:58)
	at org.junit.runners.ParentRunner$2.evaluate(ParentRunner.java:268)
	at org.junit.internal.runners.statements.RunBefores.evaluate(RunBefores.java:26)
	at org.junit.internal.runners.statements.RunAfters.evaluate(RunAfters.java:27)
	at org.junit.runners.ParentRunner.run(ParentRunner.java:363)
	at org.apache.maven.surefire.junit4.JUnit4Provider.execute(JUnit4Provider.java:252)
	at org.apache.maven.surefire.junit4.JUnit4Provider.executeTestSet(JUnit4Provider.java:141)
	at org.apache.maven.surefire.junit4.JUnit4Provider.invoke(JUnit4Provider.java:112)
	at sun.reflect.NativeMethodAccessorImpl.invoke0(Native Method)
	at sun.reflect.NativeMethodAccessorImpl.invoke(NativeMethodAccessorImpl.java:62)
	at sun.reflect.DelegatingMethodAccessorImpl.invoke(DelegatingMethodAccessorImpl.java:43)
	at java.lang.reflect.Method.invoke(Method.java:498)
	at org.apache.maven.surefire.util.ReflectionUtils.invokeMethodWithArray(ReflectionUtils.java:189)
	at org.apache.maven.surefire.booter.ProviderFactory$ProviderProxy.invoke(ProviderFactory.java:165)
	at org.apache.maven.surefire.booter.ProviderFactory.invokeProvider(ProviderFactory.java:85)
	at org.apache.maven.surefire.booter.ForkedBooter.runSuitesInProcess(ForkedBooter.java:115)
	at org.apache.maven.surefire.booter.ForkedBooter.main(ForkedBooter.java:75)
</failure>
    <system-out>databasename=null
java.lang.ArrayIndexOutOfBoundsException: -1
	at java.util.ArrayList.elementData(ArrayList.java:422)
	at java.util.ArrayList.get(ArrayList.java:435)
	at com.yahoo.ycsb.workloads.RestWorkload.getNextURL(RestWorkload.java:907)
	at com.yahoo.ycsb.workloads.RestWorkload.doTransactionRead(RestWorkload.java:932)
	at com.yahoo.ycsb.workloads.RestWorkload.doTransaction(RestWorkload.java:808)
	at com.yahoo.ycsb.ClientThread.run(Client.java:455)
	at java.lang.Thread.run(Thread.java:748)
</system-out>
    <system-err>Command line: -target 1 -t -P /home/zl/Documents/causaltest/rest/target/test-classes/workload_rest -p url.prefix=http://127.0.0.1:8081/webService/rest/resource/ -p url.trace.read=/home/zl/Documents/causaltest/rest/target/test-classes/error_trace.txt -p url.trace.insert=/home/zl/Documents/causaltest/rest/target/test-classes/error_trace.txt -p url.trace.update=/home/zl/Documents/causaltest/rest/target/test-classes/error_trace.txt -p url.trace.delete=/home/zl/Documents/causaltest/rest/target/test-classes/error_trace.txt -p exportfile=/home/zl/Documents/causaltest/rest/target/test-classes/results.txt -p readproportion=1.0 -p updateproportion=0.0 -p deleteproportion=0.0 -p insertproportion=0.0
YCSB Client 0.16.0-SNAPSHOT

Loading workload...
java.lang.ClassNotFoundException: com.yahoo.ycsb.workloads.dbinstance.cassandratwitterreadyouwrite
	at java.net.URLClassLoader.findClass(URLClassLoader.java:382)
	at java.lang.ClassLoader.loadClass(ClassLoader.java:424)
	at sun.misc.Launcher$AppClassLoader.loadClass(Launcher.java:349)
	at java.lang.ClassLoader.loadClass(ClassLoader.java:357)
	at java.lang.Class.forName0(Native Method)
	at java.lang.Class.forName(Class.java:264)
	at com.yahoo.ycsb.workloads.RestWorkload.init(RestWorkload.java:191)
	at com.yahoo.ycsb.Client.initWorkload(Client.java:911)
	at com.yahoo.ycsb.Client.main(Client.java:754)
	at com.yahoo.ycsb.webservice.rest.IntegrationTest.testReadOpsBenchmarkFailure(IntegrationTest.java:119)
	at sun.reflect.NativeMethodAccessorImpl.invoke0(Native Method)
	at sun.reflect.NativeMethodAccessorImpl.invoke(NativeMethodAccessorImpl.java:62)
	at sun.reflect.DelegatingMethodAccessorImpl.invoke(DelegatingMethodAccessorImpl.java:43)
	at java.lang.reflect.Method.invoke(Method.java:498)
	at org.junit.runners.model.FrameworkMethod$1.runReflectiveCall(FrameworkMethod.java:50)
	at org.junit.internal.runners.model.ReflectiveCallable.run(ReflectiveCallable.java:12)
	at org.junit.runners.model.FrameworkMethod.invokeExplosively(FrameworkMethod.java:47)
	at org.junit.internal.runners.statements.InvokeMethod.evaluate(InvokeMethod.java:17)
	at org.junit.contrib.java.lang.system.ExpectedSystemExit$1.evaluate(ExpectedSystemExit.java:130)
	at org.junit.rules.ExternalResource$1.evaluate(ExternalResource.java:48)
	at org.junit.rules.RunRules.evaluate(RunRules.java:20)
	at org.junit.runners.ParentRunner.runLeaf(ParentRunner.java:325)
	at org.junit.runners.BlockJUnit4ClassRunner.runChild(BlockJUnit4ClassRunner.java:78)
	at org.junit.runners.BlockJUnit4ClassRunner.runChild(BlockJUnit4ClassRunner.java:57)
	at org.junit.runners.ParentRunner$3.run(ParentRunner.java:290)
	at org.junit.runners.ParentRunner$1.schedule(ParentRunner.java:71)
	at org.junit.runners.ParentRunner.runChildren(ParentRunner.java:288)
	at org.junit.runners.ParentRunner.access$000(ParentRunner.java:58)
	at org.junit.runners.ParentRunner$2.evaluate(ParentRunner.java:268)
	at org.junit.internal.runners.statements.RunBefores.evaluate(RunBefores.java:26)
	at org.junit.internal.runners.statements.RunAfters.evaluate(RunAfters.java:27)
	at org.junit.runners.ParentRunner.run(ParentRunner.java:363)
	at org.apache.maven.surefire.junit4.JUnit4Provider.execute(JUnit4Provider.java:252)
	at org.apache.maven.surefire.junit4.JUnit4Provider.executeTestSet(JUnit4Provider.java:141)
	at org.apache.maven.surefire.junit4.JUnit4Provider.invoke(JUnit4Provider.java:112)
	at sun.reflect.NativeMethodAccessorImpl.invoke0(Native Method)
	at sun.reflect.NativeMethodAccessorImpl.invoke(NativeMethodAccessorImpl.java:62)
	at sun.reflect.DelegatingMethodAccessorImpl.invoke(DelegatingMethodAccessorImpl.java:43)
	at java.lang.reflect.Method.invoke(Method.java:498)
	at org.apache.maven.surefire.util.ReflectionUtils.invokeMethodWithArray(ReflectionUtils.java:189)
	at org.apache.maven.surefire.booter.ProviderFactory$ProviderProxy.invoke(ProviderFactory.java:165)
	at org.apache.maven.surefire.booter.ProviderFactory.invokeProvider(ProviderFactory.java:85)
	at org.apache.maven.surefire.booter.ForkedBooter.runSuitesInProcess(ForkedBooter.java:115)
	at org.apache.maven.surefire.booter.ForkedBooter.main(ForkedBooter.java:75)
Starting test.
DBWrapper: report latency for each error is false and specific error codes to track for latency are: []
java.lang.ArrayIndexOutOfBoundsException: -1
	at java.util.ArrayList.elementData(ArrayList.java:422)
	at java.util.ArrayList.get(ArrayList.java:435)
	at com.yahoo.ycsb.workloads.RestWorkload.getNextURL(RestWorkload.java:907)
	at com.yahoo.ycsb.workloads.RestWorkload.doTransactionRead(RestWorkload.java:932)
	at com.yahoo.ycsb.workloads.RestWorkload.doTransaction(RestWorkload.java:808)
	at com.yahoo.ycsb.ClientThread.run(Client.java:455)
	at java.lang.Thread.run(Thread.java:748)
Exception in thread &quot;Thread-28&quot; org.junit.contrib.java.lang.system.internal.CheckExitCalled: Tried to exit with status 0.
	at org.junit.contrib.java.lang.system.internal.NoExitSecurityManager.checkExit(NoExitSecurityManager.java:24)
	at java.lang.Runtime.exit(Runtime.java:107)
	at java.lang.System.exit(System.java:971)
	at com.yahoo.ycsb.ClientThread.run(Client.java:480)
	at java.lang.Thread.run(Thread.java:748)
</system-err>
  </testcase>
  <testcase classname="com.yahoo.ycsb.webservice.rest.IntegrationTest" name="testReadOpsBenchmarkSuccess" time="0.215">
    <failure message="expected:&lt;true&gt; but was:&lt;false&gt;" type="java.lang.AssertionError">java.lang.AssertionError: expected:&lt;true&gt; but was:&lt;false&gt;
	at org.junit.Assert.fail(Assert.java:88)
	at org.junit.Assert.failNotEquals(Assert.java:834)
	at org.junit.Assert.assertEquals(Assert.java:118)
	at org.junit.Assert.assertEquals(Assert.java:144)
	at com.yahoo.ycsb.webservice.rest.IntegrationTest$1.checkAssertion(IntegrationTest.java:100)
	at org.junit.contrib.java.lang.system.ExpectedSystemExit.checkAssertions(ExpectedSystemExit.java:161)
	at org.junit.contrib.java.lang.system.ExpectedSystemExit.access$100(ExpectedSystemExit.java:88)
	at org.junit.contrib.java.lang.system.ExpectedSystemExit$1.evaluate(ExpectedSystemExit.java:134)
	at org.junit.rules.ExternalResource$1.evaluate(ExternalResource.java:48)
	at org.junit.rules.RunRules.evaluate(RunRules.java:20)
	at org.junit.runners.ParentRunner.runLeaf(ParentRunner.java:325)
	at org.junit.runners.BlockJUnit4ClassRunner.runChild(BlockJUnit4ClassRunner.java:78)
	at org.junit.runners.BlockJUnit4ClassRunner.runChild(BlockJUnit4ClassRunner.java:57)
	at org.junit.runners.ParentRunner$3.run(ParentRunner.java:290)
	at org.junit.runners.ParentRunner$1.schedule(ParentRunner.java:71)
	at org.junit.runners.ParentRunner.runChildren(ParentRunner.java:288)
	at org.junit.runners.ParentRunner.access$000(ParentRunner.java:58)
	at org.junit.runners.ParentRunner$2.evaluate(ParentRunner.java:268)
	at org.junit.internal.runners.statements.RunBefores.evaluate(RunBefores.java:26)
	at org.junit.internal.runners.statements.RunAfters.evaluate(RunAfters.java:27)
	at org.junit.runners.ParentRunner.run(ParentRunner.java:363)
	at org.apache.maven.surefire.junit4.JUnit4Provider.execute(JUnit4Provider.java:252)
	at org.apache.maven.surefire.junit4.JUnit4Provider.executeTestSet(JUnit4Provider.java:141)
	at org.apache.maven.surefire.junit4.JUnit4Provider.invoke(JUnit4Provider.java:112)
	at sun.reflect.NativeMethodAccessorImpl.invoke0(Native Method)
	at sun.reflect.NativeMethodAccessorImpl.invoke(NativeMethodAccessorImpl.java:62)
	at sun.reflect.DelegatingMethodAccessorImpl.invoke(DelegatingMethodAccessorImpl.java:43)
	at java.lang.reflect.Method.invoke(Method.java:498)
	at org.apache.maven.surefire.util.ReflectionUtils.invokeMethodWithArray(ReflectionUtils.java:189)
	at org.apache.maven.surefire.booter.ProviderFactory$ProviderProxy.invoke(ProviderFactory.java:165)
	at org.apache.maven.surefire.booter.ProviderFactory.invokeProvider(ProviderFactory.java:85)
	at org.apache.maven.surefire.booter.ForkedBooter.runSuitesInProcess(ForkedBooter.java:115)
	at org.apache.maven.surefire.booter.ForkedBooter.main(ForkedBooter.java:75)
</failure>
    <system-out>databasename=null
java.lang.ArrayIndexOutOfBoundsException: -1
	at java.util.ArrayList.elementData(ArrayList.java:422)
	at java.util.ArrayList.get(ArrayList.java:435)
	at com.yahoo.ycsb.workloads.RestWorkload.getNextURL(RestWorkload.java:907)
	at com.yahoo.ycsb.workloads.RestWorkload.doTransactionRead(RestWorkload.java:932)
	at com.yahoo.ycsb.workloads.RestWorkload.doTransaction(RestWorkload.java:808)
	at com.yahoo.ycsb.ClientThread.run(Client.java:455)
	at java.lang.Thread.run(Thread.java:748)
</system-out>
    <system-err>Command line: -target 1 -t -P /home/zl/Documents/causaltest/rest/target/test-classes/workload_rest -p url.prefix=http://127.0.0.1:8081/webService/rest/resource/ -p url.trace.read=/home/zl/Documents/causaltest/rest/target/test-classes/trace.txt -p url.trace.insert=/home/zl/Documents/causaltest/rest/target/test-classes/trace.txt -p url.trace.update=/home/zl/Documents/causaltest/rest/target/test-classes/trace.txt -p url.trace.delete=/home/zl/Documents/causaltest/rest/target/test-classes/trace.txt -p exportfile=/home/zl/Documents/causaltest/rest/target/test-classes/results.txt -p readproportion=1.0 -p updateproportion=0.0 -p deleteproportion=0.0 -p insertproportion=0.0
YCSB Client 0.16.0-SNAPSHOT

Loading workload...
java.lang.ClassNotFoundException: com.yahoo.ycsb.workloads.dbinstance.cassandratwitterreadyouwrite
	at java.net.URLClassLoader.findClass(URLClassLoader.java:382)
	at java.lang.ClassLoader.loadClass(ClassLoader.java:424)
	at sun.misc.Launcher$AppClassLoader.loadClass(Launcher.java:349)
	at java.lang.ClassLoader.loadClass(ClassLoader.java:357)
	at java.lang.Class.forName0(Native Method)
	at java.lang.Class.forName(Class.java:264)
	at com.yahoo.ycsb.workloads.RestWorkload.init(RestWorkload.java:191)
	at com.yahoo.ycsb.Client.initWorkload(Client.java:911)
	at com.yahoo.ycsb.Client.main(Client.java:754)
	at com.yahoo.ycsb.webservice.rest.IntegrationTest.testReadOpsBenchmarkSuccess(IntegrationTest.java:104)
	at sun.reflect.NativeMethodAccessorImpl.invoke0(Native Method)
	at sun.reflect.NativeMethodAccessorImpl.invoke(NativeMethodAccessorImpl.java:62)
	at sun.reflect.DelegatingMethodAccessorImpl.invoke(DelegatingMethodAccessorImpl.java:43)
	at java.lang.reflect.Method.invoke(Method.java:498)
	at org.junit.runners.model.FrameworkMethod$1.runReflectiveCall(FrameworkMethod.java:50)
	at org.junit.internal.runners.model.ReflectiveCallable.run(ReflectiveCallable.java:12)
	at org.junit.runners.model.FrameworkMethod.invokeExplosively(FrameworkMethod.java:47)
	at org.junit.internal.runners.statements.InvokeMethod.evaluate(InvokeMethod.java:17)
	at org.junit.contrib.java.lang.system.ExpectedSystemExit$1.evaluate(ExpectedSystemExit.java:130)
	at org.junit.rules.ExternalResource$1.evaluate(ExternalResource.java:48)
	at org.junit.rules.RunRules.evaluate(RunRules.java:20)
	at org.junit.runners.ParentRunner.runLeaf(ParentRunner.java:325)
	at org.junit.runners.BlockJUnit4ClassRunner.runChild(BlockJUnit4ClassRunner.java:78)
	at org.junit.runners.BlockJUnit4ClassRunner.runChild(BlockJUnit4ClassRunner.java:57)
	at org.junit.runners.ParentRunner$3.run(ParentRunner.java:290)
	at org.junit.runners.ParentRunner$1.schedule(ParentRunner.java:71)
	at org.junit.runners.ParentRunner.runChildren(ParentRunner.java:288)
	at org.junit.runners.ParentRunner.access$000(ParentRunner.java:58)
	at org.junit.runners.ParentRunner$2.evaluate(ParentRunner.java:268)
	at org.junit.internal.runners.statements.RunBefores.evaluate(RunBefores.java:26)
	at org.junit.internal.runners.statements.RunAfters.evaluate(RunAfters.java:27)
	at org.junit.runners.ParentRunner.run(ParentRunner.java:363)
	at org.apache.maven.surefire.junit4.JUnit4Provider.execute(JUnit4Provider.java:252)
	at org.apache.maven.surefire.junit4.JUnit4Provider.executeTestSet(JUnit4Provider.java:141)
	at org.apache.maven.surefire.junit4.JUnit4Provider.invoke(JUnit4Provider.java:112)
	at sun.reflect.NativeMethodAccessorImpl.invoke0(Native Method)
	at sun.reflect.NativeMethodAccessorImpl.invoke(NativeMethodAccessorImpl.java:62)
	at sun.reflect.DelegatingMethodAccessorImpl.invoke(DelegatingMethodAccessorImpl.java:43)
	at java.lang.reflect.Method.invoke(Method.java:498)
	at org.apache.maven.surefire.util.ReflectionUtils.invokeMethodWithArray(ReflectionUtils.java:189)
	at org.apache.maven.surefire.booter.ProviderFactory$ProviderProxy.invoke(ProviderFactory.java:165)
	at org.apache.maven.surefire.booter.ProviderFactory.invokeProvider(ProviderFactory.java:85)
	at org.apache.maven.surefire.booter.ForkedBooter.runSuitesInProcess(ForkedBooter.java:115)
	at org.apache.maven.surefire.booter.ForkedBooter.main(ForkedBooter.java:75)
Starting test.
DBWrapper: report latency for each error is false and specific error codes to track for latency are: []
java.lang.ArrayIndexOutOfBoundsException: -1
	at java.util.ArrayList.elementData(ArrayList.java:422)
	at java.util.ArrayList.get(ArrayList.java:435)
	at com.yahoo.ycsb.workloads.RestWorkload.getNextURL(RestWorkload.java:907)
	at com.yahoo.ycsb.workloads.RestWorkload.doTransactionRead(RestWorkload.java:932)
	at com.yahoo.ycsb.workloads.RestWorkload.doTransaction(RestWorkload.java:808)
	at com.yahoo.ycsb.ClientThread.run(Client.java:455)
	at java.lang.Thread.run(Thread.java:748)
Exception in thread &quot;Thread-30&quot; org.junit.contrib.java.lang.system.internal.CheckExitCalled: Tried to exit with status 0.
	at org.junit.contrib.java.lang.system.internal.NoExitSecurityManager.checkExit(NoExitSecurityManager.java:24)
	at java.lang.Runtime.exit(Runtime.java:107)
	at java.lang.System.exit(System.java:971)
	at com.yahoo.ycsb.ClientThread.run(Client.java:480)
	at java.lang.Thread.run(Thread.java:748)
</system-err>
  </testcase>
  <testcase classname="com.yahoo.ycsb.webservice.rest.IntegrationTest" name="testUpdateOpsBenchmarkFailure" time="0.187">
    <failure message="expected:&lt;true&gt; but was:&lt;false&gt;" type="java.lang.AssertionError">java.lang.AssertionError: expected:&lt;true&gt; but was:&lt;false&gt;
	at org.junit.Assert.fail(Assert.java:88)
	at org.junit.Assert.failNotEquals(Assert.java:834)
	at org.junit.Assert.assertEquals(Assert.java:118)
	at org.junit.Assert.assertEquals(Assert.java:144)
	at com.yahoo.ycsb.webservice.rest.IntegrationTest$6.checkAssertion(IntegrationTest.java:175)
	at org.junit.contrib.java.lang.system.ExpectedSystemExit.checkAssertions(ExpectedSystemExit.java:161)
	at org.junit.contrib.java.lang.system.ExpectedSystemExit.access$100(ExpectedSystemExit.java:88)
	at org.junit.contrib.java.lang.system.ExpectedSystemExit$1.evaluate(ExpectedSystemExit.java:134)
	at org.junit.rules.ExternalResource$1.evaluate(ExternalResource.java:48)
	at org.junit.rules.RunRules.evaluate(RunRules.java:20)
	at org.junit.runners.ParentRunner.runLeaf(ParentRunner.java:325)
	at org.junit.runners.BlockJUnit4ClassRunner.runChild(BlockJUnit4ClassRunner.java:78)
	at org.junit.runners.BlockJUnit4ClassRunner.runChild(BlockJUnit4ClassRunner.java:57)
	at org.junit.runners.ParentRunner$3.run(ParentRunner.java:290)
	at org.junit.runners.ParentRunner$1.schedule(ParentRunner.java:71)
	at org.junit.runners.ParentRunner.runChildren(ParentRunner.java:288)
	at org.junit.runners.ParentRunner.access$000(ParentRunner.java:58)
	at org.junit.runners.ParentRunner$2.evaluate(ParentRunner.java:268)
	at org.junit.internal.runners.statements.RunBefores.evaluate(RunBefores.java:26)
	at org.junit.internal.runners.statements.RunAfters.evaluate(RunAfters.java:27)
	at org.junit.runners.ParentRunner.run(ParentRunner.java:363)
	at org.apache.maven.surefire.junit4.JUnit4Provider.execute(JUnit4Provider.java:252)
	at org.apache.maven.surefire.junit4.JUnit4Provider.executeTestSet(JUnit4Provider.java:141)
	at org.apache.maven.surefire.junit4.JUnit4Provider.invoke(JUnit4Provider.java:112)
	at sun.reflect.NativeMethodAccessorImpl.invoke0(Native Method)
	at sun.reflect.NativeMethodAccessorImpl.invoke(NativeMethodAccessorImpl.java:62)
	at sun.reflect.DelegatingMethodAccessorImpl.invoke(DelegatingMethodAccessorImpl.java:43)
	at java.lang.reflect.Method.invoke(Method.java:498)
	at org.apache.maven.surefire.util.ReflectionUtils.invokeMethodWithArray(ReflectionUtils.java:189)
	at org.apache.maven.surefire.booter.ProviderFactory$ProviderProxy.invoke(ProviderFactory.java:165)
	at org.apache.maven.surefire.booter.ProviderFactory.invokeProvider(ProviderFactory.java:85)
	at org.apache.maven.surefire.booter.ForkedBooter.runSuitesInProcess(ForkedBooter.java:115)
	at org.apache.maven.surefire.booter.ForkedBooter.main(ForkedBooter.java:75)
</failure>
    <system-out>databasename=null
java.lang.ArrayIndexOutOfBoundsException: -1
	at java.util.ArrayList.elementData(ArrayList.java:422)
	at java.util.ArrayList.get(ArrayList.java:435)
	at com.yahoo.ycsb.workloads.RestWorkload.getNextURL(RestWorkload.java:907)
	at com.yahoo.ycsb.workloads.RestWorkload.doTransactionUpdate(RestWorkload.java:983)
	at com.yahoo.ycsb.workloads.RestWorkload.doTransaction(RestWorkload.java:799)
	at com.yahoo.ycsb.ClientThread.run(Client.java:455)
	at java.lang.Thread.run(Thread.java:748)
</system-out>
    <system-err>Command line: -target 1 -t -P /home/zl/Documents/causaltest/rest/target/test-classes/workload_rest -p url.prefix=http://127.0.0.1:8081/webService/rest/resource/ -p url.trace.read=/home/zl/Documents/causaltest/rest/target/test-classes/error_trace.txt -p url.trace.insert=/home/zl/Documents/causaltest/rest/target/test-classes/error_trace.txt -p url.trace.update=/home/zl/Documents/causaltest/rest/target/test-classes/error_trace.txt -p url.trace.delete=/home/zl/Documents/causaltest/rest/target/test-classes/error_trace.txt -p exportfile=/home/zl/Documents/causaltest/rest/target/test-classes/results.txt -p readproportion=0.0 -p updateproportion=1.0 -p deleteproportion=0.0 -p insertproportion=0.0
YCSB Client 0.16.0-SNAPSHOT

Loading workload...
java.lang.ClassNotFoundException: com.yahoo.ycsb.workloads.dbinstance.cassandratwitterreadyouwrite
	at java.net.URLClassLoader.findClass(URLClassLoader.java:382)
	at java.lang.ClassLoader.loadClass(ClassLoader.java:424)
	at sun.misc.Launcher$AppClassLoader.loadClass(Launcher.java:349)
	at java.lang.ClassLoader.loadClass(ClassLoader.java:357)
	at java.lang.Class.forName0(Native Method)
	at java.lang.Class.forName(Class.java:264)
	at com.yahoo.ycsb.workloads.RestWorkload.init(RestWorkload.java:191)
	at com.yahoo.ycsb.Client.initWorkload(Client.java:911)
	at com.yahoo.ycsb.Client.main(Client.java:754)
	at com.yahoo.ycsb.webservice.rest.IntegrationTest.testUpdateOpsBenchmarkFailure(IntegrationTest.java:179)
	at sun.reflect.NativeMethodAccessorImpl.invoke0(Native Method)
	at sun.reflect.NativeMethodAccessorImpl.invoke(NativeMethodAccessorImpl.java:62)
	at sun.reflect.DelegatingMethodAccessorImpl.invoke(DelegatingMethodAccessorImpl.java:43)
	at java.lang.reflect.Method.invoke(Method.java:498)
	at org.junit.runners.model.FrameworkMethod$1.runReflectiveCall(FrameworkMethod.java:50)
	at org.junit.internal.runners.model.ReflectiveCallable.run(ReflectiveCallable.java:12)
	at org.junit.runners.model.FrameworkMethod.invokeExplosively(FrameworkMethod.java:47)
	at org.junit.internal.runners.statements.InvokeMethod.evaluate(InvokeMethod.java:17)
	at org.junit.contrib.java.lang.system.ExpectedSystemExit$1.evaluate(ExpectedSystemExit.java:130)
	at org.junit.rules.ExternalResource$1.evaluate(ExternalResource.java:48)
	at org.junit.rules.RunRules.evaluate(RunRules.java:20)
	at org.junit.runners.ParentRunner.runLeaf(ParentRunner.java:325)
	at org.junit.runners.BlockJUnit4ClassRunner.runChild(BlockJUnit4ClassRunner.java:78)
	at org.junit.runners.BlockJUnit4ClassRunner.runChild(BlockJUnit4ClassRunner.java:57)
	at org.junit.runners.ParentRunner$3.run(ParentRunner.java:290)
	at org.junit.runners.ParentRunner$1.schedule(ParentRunner.java:71)
	at org.junit.runners.ParentRunner.runChildren(ParentRunner.java:288)
	at org.junit.runners.ParentRunner.access$000(ParentRunner.java:58)
	at org.junit.runners.ParentRunner$2.evaluate(ParentRunner.java:268)
	at org.junit.internal.runners.statements.RunBefores.evaluate(RunBefores.java:26)
	at org.junit.internal.runners.statements.RunAfters.evaluate(RunAfters.java:27)
	at org.junit.runners.ParentRunner.run(ParentRunner.java:363)
	at org.apache.maven.surefire.junit4.JUnit4Provider.execute(JUnit4Provider.java:252)
	at org.apache.maven.surefire.junit4.JUnit4Provider.executeTestSet(JUnit4Provider.java:141)
	at org.apache.maven.surefire.junit4.JUnit4Provider.invoke(JUnit4Provider.java:112)
	at sun.reflect.NativeMethodAccessorImpl.invoke0(Native Method)
	at sun.reflect.NativeMethodAccessorImpl.invoke(NativeMethodAccessorImpl.java:62)
	at sun.reflect.DelegatingMethodAccessorImpl.invoke(DelegatingMethodAccessorImpl.java:43)
	at java.lang.reflect.Method.invoke(Method.java:498)
	at org.apache.maven.surefire.util.ReflectionUtils.invokeMethodWithArray(ReflectionUtils.java:189)
	at org.apache.maven.surefire.booter.ProviderFactory$ProviderProxy.invoke(ProviderFactory.java:165)
	at org.apache.maven.surefire.booter.ProviderFactory.invokeProvider(ProviderFactory.java:85)
	at org.apache.maven.surefire.booter.ForkedBooter.runSuitesInProcess(ForkedBooter.java:115)
	at org.apache.maven.surefire.booter.ForkedBooter.main(ForkedBooter.java:75)
Starting test.
DBWrapper: report latency for each error is false and specific error codes to track for latency are: []
java.lang.ArrayIndexOutOfBoundsException: -1
	at java.util.ArrayList.elementData(ArrayList.java:422)
	at java.util.ArrayList.get(ArrayList.java:435)
	at com.yahoo.ycsb.workloads.RestWorkload.getNextURL(RestWorkload.java:907)
	at com.yahoo.ycsb.workloads.RestWorkload.doTransactionUpdate(RestWorkload.java:983)
	at com.yahoo.ycsb.workloads.RestWorkload.doTransaction(RestWorkload.java:799)
	at com.yahoo.ycsb.ClientThread.run(Client.java:455)
	at java.lang.Thread.run(Thread.java:748)
Exception in thread &quot;Thread-32&quot; org.junit.contrib.java.lang.system.internal.CheckExitCalled: Tried to exit with status 0.
	at org.junit.contrib.java.lang.system.internal.NoExitSecurityManager.checkExit(NoExitSecurityManager.java:24)
	at java.lang.Runtime.exit(Runtime.java:107)
	at java.lang.System.exit(System.java:971)
	at com.yahoo.ycsb.ClientThread.run(Client.java:480)
	at java.lang.Thread.run(Thread.java:748)
</system-err>
  </testcase>
  <testcase classname="com.yahoo.ycsb.webservice.rest.IntegrationTest" name="testUpdateOpsBenchmarkSuccess" time="0.949">
    <failure message="expected:&lt;true&gt; but was:&lt;false&gt;" type="java.lang.AssertionError">java.lang.AssertionError: expected:&lt;true&gt; but was:&lt;false&gt;
	at org.junit.Assert.fail(Assert.java:88)
	at org.junit.Assert.failNotEquals(Assert.java:834)
	at org.junit.Assert.assertEquals(Assert.java:118)
	at org.junit.Assert.assertEquals(Assert.java:144)
	at com.yahoo.ycsb.webservice.rest.IntegrationTest$5.checkAssertion(IntegrationTest.java:160)
	at org.junit.contrib.java.lang.system.ExpectedSystemExit.checkAssertions(ExpectedSystemExit.java:161)
	at org.junit.contrib.java.lang.system.ExpectedSystemExit.access$100(ExpectedSystemExit.java:88)
	at org.junit.contrib.java.lang.system.ExpectedSystemExit$1.evaluate(ExpectedSystemExit.java:134)
	at org.junit.rules.ExternalResource$1.evaluate(ExternalResource.java:48)
	at org.junit.rules.RunRules.evaluate(RunRules.java:20)
	at org.junit.runners.ParentRunner.runLeaf(ParentRunner.java:325)
	at org.junit.runners.BlockJUnit4ClassRunner.runChild(BlockJUnit4ClassRunner.java:78)
	at org.junit.runners.BlockJUnit4ClassRunner.runChild(BlockJUnit4ClassRunner.java:57)
	at org.junit.runners.ParentRunner$3.run(ParentRunner.java:290)
	at org.junit.runners.ParentRunner$1.schedule(ParentRunner.java:71)
	at org.junit.runners.ParentRunner.runChildren(ParentRunner.java:288)
	at org.junit.runners.ParentRunner.access$000(ParentRunner.java:58)
	at org.junit.runners.ParentRunner$2.evaluate(ParentRunner.java:268)
	at org.junit.internal.runners.statements.RunBefores.evaluate(RunBefores.java:26)
	at org.junit.internal.runners.statements.RunAfters.evaluate(RunAfters.java:27)
	at org.junit.runners.ParentRunner.run(ParentRunner.java:363)
	at org.apache.maven.surefire.junit4.JUnit4Provider.execute(JUnit4Provider.java:252)
	at org.apache.maven.surefire.junit4.JUnit4Provider.executeTestSet(JUnit4Provider.java:141)
	at org.apache.maven.surefire.junit4.JUnit4Provider.invoke(JUnit4Provider.java:112)
	at sun.reflect.NativeMethodAccessorImpl.invoke0(Native Method)
	at sun.reflect.NativeMethodAccessorImpl.invoke(NativeMethodAccessorImpl.java:62)
	at sun.reflect.DelegatingMethodAccessorImpl.invoke(DelegatingMethodAccessorImpl.java:43)
	at java.lang.reflect.Method.invoke(Method.java:498)
	at org.apache.maven.surefire.util.ReflectionUtils.invokeMethodWithArray(ReflectionUtils.java:189)
	at org.apache.maven.surefire.booter.ProviderFactory$ProviderProxy.invoke(ProviderFactory.java:165)
	at org.apache.maven.surefire.booter.ProviderFactory.invokeProvider(ProviderFactory.java:85)
	at org.apache.maven.surefire.booter.ForkedBooter.runSuitesInProcess(ForkedBooter.java:115)
	at org.apache.maven.surefire.booter.ForkedBooter.main(ForkedBooter.java:75)
</failure>
    <system-out>databasename=null
java.lang.ArrayIndexOutOfBoundsException: -1
	at java.util.ArrayList.elementData(ArrayList.java:422)
	at java.util.ArrayList.get(ArrayList.java:435)
	at com.yahoo.ycsb.workloads.RestWorkload.getNextURL(RestWorkload.java:907)
	at com.yahoo.ycsb.workloads.RestWorkload.doTransactionUpdate(RestWorkload.java:983)
	at com.yahoo.ycsb.workloads.RestWorkload.doTransaction(RestWorkload.java:799)
	at com.yahoo.ycsb.ClientThread.run(Client.java:455)
	at java.lang.Thread.run(Thread.java:748)
</system-out>
    <system-err>Command line: -target 1 -t -P /home/zl/Documents/causaltest/rest/target/test-classes/workload_rest -p url.prefix=http://127.0.0.1:8081/webService/rest/resource/ -p url.trace.read=/home/zl/Documents/causaltest/rest/target/test-classes/trace.txt -p url.trace.insert=/home/zl/Documents/causaltest/rest/target/test-classes/trace.txt -p url.trace.update=/home/zl/Documents/causaltest/rest/target/test-classes/trace.txt -p url.trace.delete=/home/zl/Documents/causaltest/rest/target/test-classes/trace.txt -p exportfile=/home/zl/Documents/causaltest/rest/target/test-classes/results.txt -p readproportion=0.0 -p updateproportion=1.0 -p deleteproportion=0.0 -p insertproportion=0.0
YCSB Client 0.16.0-SNAPSHOT

Loading workload...
java.lang.ClassNotFoundException: com.yahoo.ycsb.workloads.dbinstance.cassandratwitterreadyouwrite
	at java.net.URLClassLoader.findClass(URLClassLoader.java:382)
	at java.lang.ClassLoader.loadClass(ClassLoader.java:424)
	at sun.misc.Launcher$AppClassLoader.loadClass(Launcher.java:349)
	at java.lang.ClassLoader.loadClass(ClassLoader.java:357)
	at java.lang.Class.forName0(Native Method)
	at java.lang.Class.forName(Class.java:264)
	at com.yahoo.ycsb.workloads.RestWorkload.init(RestWorkload.java:191)
	at com.yahoo.ycsb.Client.initWorkload(Client.java:911)
	at com.yahoo.ycsb.Client.main(Client.java:754)
	at com.yahoo.ycsb.webservice.rest.IntegrationTest.testUpdateOpsBenchmarkSuccess(IntegrationTest.java:164)
	at sun.reflect.NativeMethodAccessorImpl.invoke0(Native Method)
	at sun.reflect.NativeMethodAccessorImpl.invoke(NativeMethodAccessorImpl.java:62)
	at sun.reflect.DelegatingMethodAccessorImpl.invoke(DelegatingMethodAccessorImpl.java:43)
	at java.lang.reflect.Method.invoke(Method.java:498)
	at org.junit.runners.model.FrameworkMethod$1.runReflectiveCall(FrameworkMethod.java:50)
	at org.junit.internal.runners.model.ReflectiveCallable.run(ReflectiveCallable.java:12)
	at org.junit.runners.model.FrameworkMethod.invokeExplosively(FrameworkMethod.java:47)
	at org.junit.internal.runners.statements.InvokeMethod.evaluate(InvokeMethod.java:17)
	at org.junit.contrib.java.lang.system.ExpectedSystemExit$1.evaluate(ExpectedSystemExit.java:130)
	at org.junit.rules.ExternalResource$1.evaluate(ExternalResource.java:48)
	at org.junit.rules.RunRules.evaluate(RunRules.java:20)
	at org.junit.runners.ParentRunner.runLeaf(ParentRunner.java:325)
	at org.junit.runners.BlockJUnit4ClassRunner.runChild(BlockJUnit4ClassRunner.java:78)
	at org.junit.runners.BlockJUnit4ClassRunner.runChild(BlockJUnit4ClassRunner.java:57)
	at org.junit.runners.ParentRunner$3.run(ParentRunner.java:290)
	at org.junit.runners.ParentRunner$1.schedule(ParentRunner.java:71)
	at org.junit.runners.ParentRunner.runChildren(ParentRunner.java:288)
	at org.junit.runners.ParentRunner.access$000(ParentRunner.java:58)
	at org.junit.runners.ParentRunner$2.evaluate(ParentRunner.java:268)
	at org.junit.internal.runners.statements.RunBefores.evaluate(RunBefores.java:26)
	at org.junit.internal.runners.statements.RunAfters.evaluate(RunAfters.java:27)
	at org.junit.runners.ParentRunner.run(ParentRunner.java:363)
	at org.apache.maven.surefire.junit4.JUnit4Provider.execute(JUnit4Provider.java:252)
	at org.apache.maven.surefire.junit4.JUnit4Provider.executeTestSet(JUnit4Provider.java:141)
	at org.apache.maven.surefire.junit4.JUnit4Provider.invoke(JUnit4Provider.java:112)
	at sun.reflect.NativeMethodAccessorImpl.invoke0(Native Method)
	at sun.reflect.NativeMethodAccessorImpl.invoke(NativeMethodAccessorImpl.java:62)
	at sun.reflect.DelegatingMethodAccessorImpl.invoke(DelegatingMethodAccessorImpl.java:43)
	at java.lang.reflect.Method.invoke(Method.java:498)
	at org.apache.maven.surefire.util.ReflectionUtils.invokeMethodWithArray(ReflectionUtils.java:189)
	at org.apache.maven.surefire.booter.ProviderFactory$ProviderProxy.invoke(ProviderFactory.java:165)
	at org.apache.maven.surefire.booter.ProviderFactory.invokeProvider(ProviderFactory.java:85)
	at org.apache.maven.surefire.booter.ForkedBooter.runSuitesInProcess(ForkedBooter.java:115)
	at org.apache.maven.surefire.booter.ForkedBooter.main(ForkedBooter.java:75)
Starting test.
DBWrapper: report latency for each error is false and specific error codes to track for latency are: []
java.lang.ArrayIndexOutOfBoundsException: -1
	at java.util.ArrayList.elementData(ArrayList.java:422)
	at java.util.ArrayList.get(ArrayList.java:435)
	at com.yahoo.ycsb.workloads.RestWorkload.getNextURL(RestWorkload.java:907)
	at com.yahoo.ycsb.workloads.RestWorkload.doTransactionUpdate(RestWorkload.java:983)
	at com.yahoo.ycsb.workloads.RestWorkload.doTransaction(RestWorkload.java:799)
	at com.yahoo.ycsb.ClientThread.run(Client.java:455)
	at java.lang.Thread.run(Thread.java:748)
Exception in thread &quot;Thread-34&quot; org.junit.contrib.java.lang.system.internal.CheckExitCalled: Tried to exit with status 0.
	at org.junit.contrib.java.lang.system.internal.NoExitSecurityManager.checkExit(NoExitSecurityManager.java:24)
	at java.lang.Runtime.exit(Runtime.java:107)
	at java.lang.System.exit(System.java:971)
	at com.yahoo.ycsb.ClientThread.run(Client.java:480)
	at java.lang.Thread.run(Thread.java:748)
</system-err>
  </testcase>
</testsuite>