<?xml version="1.0" encoding="UTF-8"?>
<testsuite hostname="localhost.localdomain" name="com.yahoo.ycsb.TestByteIterator" tests="42" failures="0" timestamp="29 Jul 2019 09:20:56 GMT" time="1.537" errors="0">
  <testcase name="testRandomByteIterator" time="0.004" classname="com.yahoo.ycsb.TestByteIterator"/>
  <testcase name="testDouble" time="0.001" classname="com.yahoo.ycsb.TestNumericByteIterator"/>
  <testcase name="testLong" time="0.0" classname="com.yahoo.ycsb.TestNumericByteIterator"/>
  <testcase name="testAcceptableStatus" time="0.013" classname="com.yahoo.ycsb.TestStatus"/>
  <testcase name="bytesToDoubleTooShort" time="0.001" classname="com.yahoo.ycsb.TestUtils"/>
  <testcase name="bytesToFromDouble" time="0.0" classname="com.yahoo.ycsb.TestUtils"/>
  <testcase name="bytesToFromLong" time="0.0" classname="com.yahoo.ycsb.TestUtils"/>
  <testcase name="bytesToLongNull" time="0.0" classname="com.yahoo.ycsb.TestUtils"/>
  <testcase name="bytesToLongTooShort" time="0.0" classname="com.yahoo.ycsb.TestUtils"/>
  <testcase name="jvmUtils" time="0.019" classname="com.yahoo.ycsb.TestUtils"/>
  <testcase name="testIncrementPastIntegerMaxValue" time="0.327" classname="com.yahoo.ycsb.generator.AcknowledgedCounterGeneratorTest"/>
  <testcase name="invalidCharacterSets" time="0.001" classname="com.yahoo.ycsb.generator.TestIncrementingPrintableStringGenerator"/>
  <testcase name="invalidLengths" time="0.0" classname="com.yahoo.ycsb.generator.TestIncrementingPrintableStringGenerator"/>
  <testcase name="rolloverException" time="0.0" classname="com.yahoo.ycsb.generator.TestIncrementingPrintableStringGenerator"/>
  <testcase name="rolloverOK" time="0.0" classname="com.yahoo.ycsb.generator.TestIncrementingPrintableStringGenerator"/>
  <testcase name="rolloverOneCharacterException" time="0.0" classname="com.yahoo.ycsb.generator.TestIncrementingPrintableStringGenerator"/>
  <testcase name="rolloverOneCharacterOK" time="0.0" classname="com.yahoo.ycsb.generator.TestIncrementingPrintableStringGenerator"/>
  <testcase name="systemTime" time="0.0" classname="com.yahoo.ycsb.generator.TestRandomDiscreteTimestampGenerator"/>
  <testcase name="tooLarge" time="0.166" classname="com.yahoo.ycsb.generator.TestRandomDiscreteTimestampGenerator"/>
  <testcase name="withStartTime" time="0.001" classname="com.yahoo.ycsb.generator.TestRandomDiscreteTimestampGenerator"/>
  <testcase name="ctorWithIntervalAndUnits" time="0.0" classname="com.yahoo.ycsb.generator.TestUnixEpochTimestampGenerator"/>
  <testcase name="ctorWithIntervalAndUnitsAndStart" time="0.0" classname="com.yahoo.ycsb.generator.TestUnixEpochTimestampGenerator"/>
  <testcase name="defaultCtor" time="0.001" classname="com.yahoo.ycsb.generator.TestUnixEpochTimestampGenerator"/>
  <testcase name="variousIntervalsAndUnits" time="0.0" classname="com.yahoo.ycsb.generator.TestUnixEpochTimestampGenerator"/>
  <testcase name="testMinAndMaxParameter" time="0.022" classname="com.yahoo.ycsb.generator.TestZipfianGenerator"/>
  <testcase name="testJSONArrayMeasurementsExporter" time="0.794" classname="com.yahoo.ycsb.measurements.exporter.TestMeasurementsExporter"/>
  <testcase name="createOperationChooser" time="0.023" classname="com.yahoo.ycsb.workloads.TestCoreWorkload"/>
  <testcase name="createOperationChooserNullProperties" time="0.0" classname="com.yahoo.ycsb.workloads.TestCoreWorkload"/>
  <testcase name="testCassandraTwitterRYW" time="0.031" classname="com.yahoo.ycsb.workloads.TestCoreWorkload"/>
  <testcase name="badTimeUnit" time="0.001" classname="com.yahoo.ycsb.workloads.TestTimeSeriesWorkload"/>
  <testcase name="failedToInitThread" time="0.002" classname="com.yahoo.ycsb.workloads.TestTimeSeriesWorkload"/>
  <testcase name="failedToInitWorkloadBeforeThreadInit" time="0.0" classname="com.yahoo.ycsb.workloads.TestTimeSeriesWorkload"/>
  <testcase name="insertOneKeyOneTagCardinalityOne" time="0.003" classname="com.yahoo.ycsb.workloads.TestTimeSeriesWorkload"/>
  <testcase name="insertOneKeyTwoTagsLowCardinality" time="0.009" classname="com.yahoo.ycsb.workloads.TestTimeSeriesWorkload"/>
  <testcase name="insertThreeKeysTwoThreads" time="0.002" classname="com.yahoo.ycsb.workloads.TestTimeSeriesWorkload"/>
  <testcase name="insertTwoKeysTwoTagsLowCardinality" time="0.001" classname="com.yahoo.ycsb.workloads.TestTimeSeriesWorkload"/>
  <testcase name="insertTwoKeysTwoThreads" time="0.003" classname="com.yahoo.ycsb.workloads.TestTimeSeriesWorkload"/>
  <testcase name="insertWithValidation" time="0.017" classname="com.yahoo.ycsb.workloads.TestTimeSeriesWorkload"/>
  <testcase name="read" time="0.0" classname="com.yahoo.ycsb.workloads.TestTimeSeriesWorkload"/>
  <testcase name="twoThreads" time="0.002" classname="com.yahoo.ycsb.workloads.TestTimeSeriesWorkload"/>
  <testcase name="validateSettingsDataIntegrity" time="0.002" classname="com.yahoo.ycsb.workloads.TestTimeSeriesWorkload"/>
  <testcase name="verifyRow" time="0.051" classname="com.yahoo.ycsb.workloads.TestTimeSeriesWorkload"/>
</testsuite>
